#
# A fatal error has been detected by the Java Runtime Environment:
#
#  SIGSEGV (0xb) at pc=0x00007f3ae36e0ab0, pid=4900, tid=139890368943872
#
# JRE version: Java(TM) SE Runtime Environment (8.0_91-b14) (build 1.8.0_91-b14)
# Java VM: Java HotSpot(TM) 64-Bit Server VM (25.91-b14 mixed mode linux-amd64 compressed oops)
# Problematic frame:
# V  [libjvm.so+0x8a7ab0]  Method::checked_resolve_jmethod_id(_jmethodID*)+0x20
#
# Failed to write core dump. Core dumps have been disabled. To enable core dumping, try "ulimit -c unlimited" before starting Java again
#
# If you would like to submit a bug report, please visit:
#   http://bugreport.java.com/bugreport/crash.jsp
#

---------------  T H R E A D  ---------------

Current thread (0x00007f3adc0ce800):  JavaThread "JDWP Transport Listener: dt_socket" daemon [_thread_in_vm, id=4920, stack(0x00007f3ac3af9000,0x00007f3ac3bfa000)]

siginfo: si_signo: 11 (SIGSEGV), si_code: 128 (SI_KERNEL), si_addr: 0x0000000000000000

Registers:
RAX=0x0000000000000001, RBX=0x00007f3adc004310, RCX=0x00007f3ae4814320, RDX=0x00007f3ae3df02a0
RSP=0x00007f3ac3bf8a10, RBP=0x00007f3ac3bf8a20, RSI=0x00007f3adc0ce800, RDI=0x6d656c4564657400
R8 =0x0000000000000000, R9 =0x00007f3a7000d330, R10=0x0000000000000010, R11=0x00007f3ae3fa3550
R12=0x0000000000000017, R13=0x6d656c4564657400, R14=0x00007f3adc0ce800, R15=0x00007f3ac3bf8b27
RIP=0x00007f3ae36e0ab0, EFLAGS=0x0000000000010206, CSGSFS=0x0000000000000033, ERR=0x0000000000000000
  TRAPNO=0x000000000000000d

Top of Stack: (sp=0x00007f3ac3bf8a10)
0x00007f3ac3bf8a10:   0000000000000074 00007f3adc004310
0x00007f3ac3bf8a20:   00007f3ac3bf8a90 00007f3ae35713de
0x00007f3ac3bf8a30:   0000000000000073 00007f3ac3bf8a40
0x00007f3ac3bf8a40:   00007f3adc0ce800 0000000000000000
0x00007f3ac3bf8a50:   00007f3a00000000 0000000000000000
0x00007f3ac3bf8a60:   00007f3ac3bf8a80 00007f3ae24efe40
0x00007f3ac3bf8a70:   6d656c4564657400 00007f3ac3bf8b27
0x00007f3ac3bf8a80:   0000000000000003 00007f3ac3bf8b27
0x00007f3ac3bf8a90:   00007f3ac3bf8ac0 00007f3ae22db8c2
0x00007f3ac3bf8aa0:   00007f3ac3bf8ac0 6d656c4564657400
0x00007f3ac3bf8ab0:   00007f3ac3bf8b90 0000000000000018
0x00007f3ac3bf8ac0:   00007f3ac3bf8b50 00007f3ae22bcaa0
0x00007f3ac3bf8ad0:   00007f3ac3bf8b08 00007f3ac3bf8b00
0x00007f3ac3bf8ae0:   00007f3ac3bf8af8 00007f3ac3bf8b1c
0x00007f3ac3bf8af0:   0000000170002fc0 0000000000000000
0x00007f3ac3bf8b00:   0000000000000000 0000000000000000
0x00007f3ac3bf8b10:   00007f3a70005610 00000009c3bf8b90
0x00007f3ac3bf8b20:   0000000000000004 0000000000000002
0x00007f3ac3bf8b30:   000000000000000f 0000000000000002
0x00007f3ac3bf8b40:   00000000000f0200 000000000000000f
0x00007f3ac3bf8b50:   00007f3ac3bf8da0 00007f3ae22c79c6
0x00007f3ac3bf8b60:   000004c800000013 00007f3ae30f0200
0x00007f3ac3bf8b70:   00007f3a68000fb0 0000000000000000
0x00007f3ac3bf8b80:   00007f3ac3bf8b90 00007f3ac3bf8d20
0x00007f3ac3bf8b90:   00007f3ac3bf8c6b 00007f3a000000a1
0x00007f3ac3bf8ba0:   00007f3ac3bf8ba8 000000000000008b
0x00007f3ac3bf8bb0:   00007f3ac3bf8be0 0000000000000000
0x00007f3ac3bf8bc0:   00007f0000000000 000004c8000001bc
0x00007f3ac3bf8bd0:   00007f3a00008d80 0000000000000000
0x00007f3ac3bf8be0:   3a7f000004000000 05000000c8f44a44
0x00007f3ac3bf8bf0:   0000007472617473 666176616a4c2817
0x00007f3ac3bf8c00:   2f65676174732f78 56293b6567617453 

Instructions: (pc=0x00007f3ae36e0ab0)
0x00007f3ae36e0a90:   55 48 89 e5 53 48 83 ec 08 48 85 ff 75 12 31 db
0x00007f3ae36e0aa0:   48 89 d8 48 83 c4 08 5b c9 c3 66 0f 1f 44 00 00
0x00007f3ae36e0ab0:   48 8b 1f 48 85 db 74 e6 48 83 fb 37 74 e0 48 8b
0x00007f3ae36e0ac0:   03 48 89 df ff 50 10 84 c0 0f 1f 80 00 00 00 00 

Register to memory mapping:

RAX=0x0000000000000001 is an unknown value
RBX=0x00007f3adc004310 is an unknown value
RCX=0x00007f3ae4814320: <offset 0x219320> in /lib/x86_64-linux-gnu/libpthread.so.0 at 0x00007f3ae45fb000
RDX=0x00007f3ae3df02a0: <offset 0xfb72a0> in /usr/lib/jvm/java-8-oracle/jre/lib/amd64/server/libjvm.so at 0x00007f3ae2e39000
RSP=0x00007f3ac3bf8a10 is pointing into the stack for thread: 0x00007f3adc0ce800
RBP=0x00007f3ac3bf8a20 is pointing into the stack for thread: 0x00007f3adc0ce800
RSI=0x00007f3adc0ce800 is a thread
RDI=0x6d656c4564657400 is an unknown value
R8 =0x0000000000000000 is an unknown value
R9 =0x00007f3a7000d330 is an unknown value
R10=0x0000000000000010 is an unknown value
R11=0x00007f3ae3fa3550: <offset 0x187550> in /lib/x86_64-linux-gnu/libc.so.6 at 0x00007f3ae3e1c000
R12=0x0000000000000017 is an unknown value
R13=0x6d656c4564657400 is an unknown value
R14=0x00007f3adc0ce800 is a thread
R15=0x00007f3ac3bf8b27 is pointing into the stack for thread: 0x00007f3adc0ce800


Stack: [0x00007f3ac3af9000,0x00007f3ac3bfa000],  sp=0x00007f3ac3bf8a10,  free space=1022k
Native frames: (J=compiled Java code, j=interpreted, Vv=VM code, C=native code)
V  [libjvm.so+0x8a7ab0]  Method::checked_resolve_jmethod_id(_jmethodID*)+0x20
V  [libjvm.so+0x7383de]  jvmti_IsMethodSynthetic+0x2be
C  [libjdwp.so+0x258c2]  isMethodSynthetic+0x42
C  [libjdwp.so+0x6aa0]  methods1+0x1b0
C  [libjdwp.so+0x119c6]  debugLoop_run+0x2b6
C  [libjdwp.so+0x247ff]  attachThread+0x2f
V  [libjvm.so+0x7a48c2]  JvmtiAgentThread::call_start_function()+0xc2
V  [libjvm.so+0xa6b77f]  JavaThread::thread_main_inner()+0xdf
V  [libjvm.so+0xa6b8ac]  JavaThread::run()+0x11c
V  [libjvm.so+0x91ef78]  java_start(Thread*)+0x108
C  [libpthread.so.0+0x8184]  start_thread+0xc4


---------------  P R O C E S S  ---------------

Java Threads: ( => current thread )
  0x00007f3adc282800 JavaThread "Thread-1" daemon [_thread_blocked, id=4937, stack(0x00007f3ab80cd000,0x00007f3ab81ce000)]
  0x00007f3adc0de800 JavaThread "Service Thread" daemon [_thread_blocked, id=4932, stack(0x00007f3ac33f2000,0x00007f3ac34f3000)]
  0x00007f3adc0db000 JavaThread "C1 CompilerThread3" daemon [_thread_blocked, id=4931, stack(0x00007f3ac34f3000,0x00007f3ac35f4000)]
  0x00007f3adc0d8800 JavaThread "C2 CompilerThread2" daemon [_thread_blocked, id=4930, stack(0x00007f3ac35f4000,0x00007f3ac36f5000)]
  0x00007f3adc0d7000 JavaThread "C2 CompilerThread1" daemon [_thread_blocked, id=4929, stack(0x00007f3ac36f5000,0x00007f3ac37f6000)]
  0x00007f3adc0d4000 JavaThread "C2 CompilerThread0" daemon [_thread_blocked, id=4928, stack(0x00007f3ac37f6000,0x00007f3ac38f7000)]
  0x00007f3a70001000 JavaThread "JDWP Command Reader" daemon [_thread_in_native, id=4924, stack(0x00007f3ac38f7000,0x00007f3ac39f8000)]
  0x00007f3adc0d2000 JavaThread "JDWP Event Helper Thread" daemon [_thread_blocked, id=4923, stack(0x00007f3ac39f8000,0x00007f3ac3af9000)]
=>0x00007f3adc0ce800 JavaThread "JDWP Transport Listener: dt_socket" daemon [_thread_in_vm, id=4920, stack(0x00007f3ac3af9000,0x00007f3ac3bfa000)]
  0x00007f3adc0c1800 JavaThread "Signal Dispatcher" daemon [_thread_blocked, id=4918, stack(0x00007f3ac3dfe000,0x00007f3ac3eff000)]
  0x00007f3adc08f000 JavaThread "Finalizer" daemon [_thread_blocked, id=4917, stack(0x00007f3ac3eff000,0x00007f3ac4000000)]
  0x00007f3adc08a800 JavaThread "Reference Handler" daemon [_thread_blocked, id=4916, stack(0x00007f3ac80e6000,0x00007f3ac81e7000)]
  0x00007f3adc00d000 JavaThread "main" [_thread_blocked, id=4905, stack(0x00007f3ae490e000,0x00007f3ae4a0f000)]

Other Threads:
  0x00007f3adc083000 VMThread [stack: 0x00007f3ac81e7000,0x00007f3ac82e8000] [id=4915]
  0x00007f3adc0e1000 WatcherThread [stack: 0x00007f3ac32f1000,0x00007f3ac33f2000] [id=4933]

VM state:not at safepoint (normal execution)

VM Mutex/Monitor currently owned by a thread: None

Heap:
 PSYoungGen      total 149504K, used 46264K [0x0000000719f80000, 0x0000000724600000, 0x00000007c0000000)
  eden space 128512K, 36% used [0x0000000719f80000,0x000000071ccae2b8,0x0000000721d00000)
  from space 20992K, 0% used [0x0000000723180000,0x0000000723180000,0x0000000724600000)
  to   space 20992K, 0% used [0x0000000721d00000,0x0000000721d00000,0x0000000723180000)
 ParOldGen       total 341504K, used 0K [0x00000005cde00000, 0x00000005e2b80000, 0x0000000719f80000)
  object space 341504K, 0% used [0x00000005cde00000,0x00000005cde00000,0x00000005e2b80000)
 Metaspace       used 14217K, capacity 14876K, committed 14976K, reserved 1062912K
  class space    used 1964K, capacity 2121K, committed 2176K, reserved 1048576K

Card table byte_map: [0x00007f3acc06e000,0x00007f3acd000000] byte_map_base: 0x00007f3ac91ff000

Marking Bits: (ParMarkBitMap*) 0x00007f3ae3defd60
 Begin Bits: [0x00007f3a846f0000, 0x00007f3a8c378000)
 End Bits:   [0x00007f3a8c378000, 0x00007f3a94000000)

Polling page: 0x00007f3ae4a38000

CodeCache: size=245760Kb used=4216Kb max_used=4216Kb free=241543Kb
 bounds [0x00007f3acd000000, 0x00007f3acd430000, 0x00007f3adc000000]
 total_blobs=1614 nmethods=1121 adapters=415
 compilation: enabled

Compilation events (10 events):
Event: 0.584 Thread 0x00007f3adc0db000 1116       3       jdk.internal.org.objectweb.asm.ClassWriter::<init> (122 bytes)
Event: 0.584 Thread 0x00007f3adc0db000 nmethod 1116 0x00007f3acd402cd0 code [0x00007f3acd402ee0, 0x00007f3acd403928]
Event: 0.584 Thread 0x00007f3adc0db000 1118       3       jdk.internal.org.objectweb.asm.ClassWriter::toByteArray (1289 bytes)
Event: 0.587 Thread 0x00007f3adc0db000 nmethod 1118 0x00007f3acd417b50 code [0x00007f3acd418380, 0x00007f3acd41c1b8]
Event: 0.587 Thread 0x00007f3adc0db000 1117       3       jdk.internal.org.objectweb.asm.ClassVisitor::<init> (7 bytes)
Event: 0.587 Thread 0x00007f3adc0db000 nmethod 1117 0x00007f3acd40c790 code [0x00007f3acd40c920, 0x00007f3acd40cc88]
Event: 0.587 Thread 0x00007f3adc0db000 1121       1       java.util.concurrent.locks.AbstractQueuedSynchronizer::getState (5 bytes)
Event: 0.587 Thread 0x00007f3adc0db000 nmethod 1121 0x00007f3acd402650 code [0x00007f3acd4027a0, 0x00007f3acd4028b0]
Event: 0.587 Thread 0x00007f3adc0db000 1120       3       sun.invoke.util.VerifyAccess::isMemberAccessible (261 bytes)
Event: 0.588 Thread 0x00007f3adc0db000 nmethod 1120 0x00007f3acd41e990 code [0x00007f3acd41ec80, 0x00007f3acd420238]

GC Heap History (0 events):
No events

Deoptimization events (10 events):
Event: 0.278 Thread 0x00007f3adc287000 Uncommon trap: reason=unstable_if action=reinterpret pc=0x00007f3acd194b48 method=java.lang.String.replace(CC)Ljava/lang/String; @ 2
Event: 0.333 Thread 0x00007f3adc287000 Uncommon trap: reason=unstable_if action=reinterpret pc=0x00007f3acd1d07dc method=java.lang.String.indexOf([CII[CIII)I @ 134
Event: 0.346 Thread 0x00007f3adc287000 Uncommon trap: reason=unstable_if action=reinterpret pc=0x00007f3acd265514 method=java.util.HashMap.getNode(ILjava/lang/Object;)Ljava/util/HashMap$Node; @ 84
Event: 0.348 Thread 0x00007f3adc287000 Uncommon trap: reason=unstable_if action=reinterpret pc=0x00007f3acd271cdc method=java.util.HashMap.getNode(ILjava/lang/Object;)Ljava/util/HashMap$Node; @ 62
Event: 0.373 Thread 0x00007f3adc287000 Uncommon trap: reason=unstable_if action=reinterpret pc=0x00007f3acd240b88 method=java.lang.String.replace(CC)Ljava/lang/String; @ 26
Event: 0.389 Thread 0x00007f3adc287000 Uncommon trap: reason=unstable_if action=reinterpret pc=0x00007f3acd18f34c method=java.lang.String.startsWith(Ljava/lang/String;I)Z @ 25
Event: 0.393 Thread 0x00007f3adc287000 Uncommon trap: reason=unstable_if action=reinterpret pc=0x00007f3acd2908fc method=sun.misc.URLClassPath$JarLoader.getResource(Ljava/lang/String;Z)Lsun/misc/Resource; @ 62
Event: 0.509 Thread 0x00007f3adc287000 Uncommon trap: reason=range_check action=make_not_entrant pc=0x00007f3acd31c1b4 method=sun.reflect.generics.parser.SignatureParser.current()C @ 34
Event: 0.531 Thread 0x00007f3adc287000 Uncommon trap: reason=bimorphic action=maybe_recompile pc=0x00007f3acd3aeea4 method=java.util.HashMap.putVal(ILjava/lang/Object;Ljava/lang/Object;ZZ)Ljava/lang/Object; @ 152
Event: 0.533 Thread 0x00007f3adc287000 Uncommon trap: reason=bimorphic action=maybe_recompile pc=0x00007f3acd3aeea4 method=java.util.HashMap.putVal(ILjava/lang/Object;Ljava/lang/Object;ZZ)Ljava/lang/Object; @ 152

Internal exceptions (10 events):
Event: 0.329 Thread 0x00007f3adc287000 Exception <a 'java/lang/NullPointerException'> (0x000000071b4ac228) thrown at [/HUDSON/workspace/8-2-build-linux-amd64/jdk8u91/6644/hotspot/src/share/vm/interpreter/linkResolver.cpp, line 1178]
Event: 0.329 Thread 0x00007f3adc287000 Exception <a 'java/lang/NullPointerException'> (0x000000071b4ac228) thrown at [/HUDSON/workspace/8-2-build-linux-amd64/jdk8u91/6644/hotspot/src/share/vm/prims/jvm.cpp, line 1390]
Event: 0.398 Thread 0x00007f3adc287000 Exception <a 'java/lang/ArrayIndexOutOfBoundsException'> (0x000000071b9f1460) thrown at [/HUDSON/workspace/8-2-build-linux-amd64/jdk8u91/6644/hotspot/src/share/vm/runtime/sharedRuntime.cpp, line 605]
Event: 0.398 Thread 0x00007f3adc287000 Exception <a 'java/lang/ArrayIndexOutOfBoundsException'> (0x000000071b9f2170) thrown at [/HUDSON/workspace/8-2-build-linux-amd64/jdk8u91/6644/hotspot/src/share/vm/runtime/sharedRuntime.cpp, line 605]
Event: 0.398 Thread 0x00007f3adc287000 Exception <a 'java/lang/ArrayIndexOutOfBoundsException'> (0x000000071b9f3518) thrown at [/HUDSON/workspace/8-2-build-linux-amd64/jdk8u91/6644/hotspot/src/share/vm/runtime/sharedRuntime.cpp, line 605]
Event: 0.427 Thread 0x00007f3adc287000 Exception <a 'java/lang/ArrayIndexOutOfBoundsException'> (0x000000071bcbfd08) thrown at [/HUDSON/workspace/8-2-build-linux-amd64/jdk8u91/6644/hotspot/src/share/vm/runtime/sharedRuntime.cpp, line 605]
Event: 0.432 Thread 0x00007f3adc287000 Exception <a 'java/lang/ArrayIndexOutOfBoundsException'> (0x000000071bd9e280) thrown at [/HUDSON/workspace/8-2-build-linux-amd64/jdk8u91/6644/hotspot/src/share/vm/runtime/sharedRuntime.cpp, line 605]
Event: 0.439 Thread 0x00007f3adc287000 Exception <a 'java/lang/ArrayIndexOutOfBoundsException'> (0x000000071be814f0) thrown at [/HUDSON/workspace/8-2-build-linux-amd64/jdk8u91/6644/hotspot/src/share/vm/runtime/sharedRuntime.cpp, line 605]
Event: 0.442 Thread 0x00007f3adc287000 Exception <a 'java/lang/ArrayIndexOutOfBoundsException'> (0x000000071beec220) thrown at [/HUDSON/workspace/8-2-build-linux-amd64/jdk8u91/6644/hotspot/src/share/vm/runtime/sharedRuntime.cpp, line 605]
Event: 0.509 Thread 0x00007f3adc287000 Exception <a 'java/lang/ArrayIndexOutOfBoundsException': 57> (0x000000071c54fbf0) thrown at [/HUDSON/workspace/8-2-build-linux-amd64/jdk8u91/6644/hotspot/src/share/vm/interpreter/interpreterRuntime.cpp, line 366]

Events (10 events):
Event: 124.126 Executing VM operation: RedefineClasses
Event: 124.131 Executing VM operation: RedefineClasses done
Event: 148.761 Executing VM operation: RedefineClasses
Event: 148.765 Executing VM operation: RedefineClasses done
Event: 370.357 Executing VM operation: RedefineClasses
Event: 370.362 Executing VM operation: RedefineClasses done
Event: 424.046 Executing VM operation: RedefineClasses
Event: 424.051 Executing VM operation: RedefineClasses done
Event: 701.917 Executing VM operation: RedefineClasses
Event: 701.921 Executing VM operation: RedefineClasses done


Dynamic libraries:
00400000-00401000 r-xp 00000000 08:02 12591878                           /usr/lib/jvm/java-8-oracle/bin/java
00600000-00601000 rw-p 00000000 08:02 12591878                           /usr/lib/jvm/java-8-oracle/bin/java
022c4000-022e5000 rw-p 00000000 00:00 0                                  [heap]
5cde00000-5e2b80000 rw-p 00000000 00:00 0 
5e2b80000-719f80000 ---p 00000000 00:00 0 
719f80000-724600000 rw-p 00000000 00:00 0 
724600000-7c0000000 ---p 00000000 00:00 0 
7c0000000-7c0220000 rw-p 00000000 00:00 0 
7c0220000-800000000 ---p 00000000 00:00 0 
7f3a38000000-7f3a38021000 rw-p 00000000 00:00 0 
7f3a38021000-7f3a3c000000 ---p 00000000 00:00 0 
7f3a40000000-7f3a40021000 rw-p 00000000 00:00 0 
7f3a40021000-7f3a44000000 ---p 00000000 00:00 0 
7f3a44000000-7f3a444c3000 rw-p 00000000 00:00 0 
7f3a444c3000-7f3a48000000 ---p 00000000 00:00 0 
7f3a48000000-7f3a48021000 rw-p 00000000 00:00 0 
7f3a48021000-7f3a4c000000 ---p 00000000 00:00 0 
7f3a4c000000-7f3a4c022000 rw-p 00000000 00:00 0 
7f3a4c022000-7f3a50000000 ---p 00000000 00:00 0 
7f3a50000000-7f3a50021000 rw-p 00000000 00:00 0 
7f3a50021000-7f3a54000000 ---p 00000000 00:00 0 
7f3a54000000-7f3a558a1000 rw-p 00000000 00:00 0 
7f3a558a1000-7f3a58000000 ---p 00000000 00:00 0 
7f3a58000000-7f3a5846d000 rw-p 00000000 00:00 0 
7f3a5846d000-7f3a5c000000 ---p 00000000 00:00 0 
7f3a5c000000-7f3a5c021000 rw-p 00000000 00:00 0 
7f3a5c021000-7f3a60000000 ---p 00000000 00:00 0 
7f3a60000000-7f3a603cc000 rw-p 00000000 00:00 0 
7f3a603cc000-7f3a64000000 ---p 00000000 00:00 0 
7f3a64000000-7f3a64259000 rw-p 00000000 00:00 0 
7f3a64259000-7f3a68000000 ---p 00000000 00:00 0 
7f3a68000000-7f3a68021000 rw-p 00000000 00:00 0 
7f3a68021000-7f3a6c000000 ---p 00000000 00:00 0 
7f3a6c000000-7f3a6c3b5000 rw-p 00000000 00:00 0 
7f3a6c3b5000-7f3a70000000 ---p 00000000 00:00 0 
7f3a70000000-7f3a702a8000 rw-p 00000000 00:00 0 
7f3a702a8000-7f3a74000000 ---p 00000000 00:00 0 
7f3a74000000-7f3a74021000 rw-p 00000000 00:00 0 
7f3a74021000-7f3a78000000 ---p 00000000 00:00 0 
7f3a78000000-7f3a78021000 rw-p 00000000 00:00 0 
7f3a78021000-7f3a7c000000 ---p 00000000 00:00 0 
7f3a7c000000-7f3a7c021000 rw-p 00000000 00:00 0 
7f3a7c021000-7f3a80000000 ---p 00000000 00:00 0 
7f3a80000000-7f3a80021000 rw-p 00000000 00:00 0 
7f3a80021000-7f3a84000000 ---p 00000000 00:00 0 
7f3a846f0000-7f3a94000000 rw-p 00000000 00:00 0 
7f3a94000000-7f3a94021000 rw-p 00000000 00:00 0 
7f3a94021000-7f3a98000000 ---p 00000000 00:00 0 
7f3a98000000-7f3a98021000 rw-p 00000000 00:00 0 
7f3a98021000-7f3a9c000000 ---p 00000000 00:00 0 
7f3a9c000000-7f3a9c021000 rw-p 00000000 00:00 0 
7f3a9c021000-7f3aa0000000 ---p 00000000 00:00 0 
7f3aa1362000-7f3aa13e2000 rw-p 00000000 00:00 0 
7f3aa13e2000-7f3aa1562000 ---p 00000000 00:00 0 
7f3aa1562000-7f3aa1567000 r-xp 00000000 08:02 12589593                   /usr/lib/jvm/java-8-oracle/jre/lib/amd64/libjavafx_font_freetype.so
7f3aa1567000-7f3aa1766000 ---p 00005000 08:02 12589593                   /usr/lib/jvm/java-8-oracle/jre/lib/amd64/libjavafx_font_freetype.so
7f3aa1766000-7f3aa1767000 rw-p 00004000 08:02 12589593                   /usr/lib/jvm/java-8-oracle/jre/lib/amd64/libjavafx_font_freetype.so
7f3aa1767000-7f3aa176a000 r-xp 00000000 08:02 12590943                   /usr/lib/jvm/java-8-oracle/jre/lib/amd64/libjavafx_font.so
7f3aa176a000-7f3aa1969000 ---p 00003000 08:02 12590943                   /usr/lib/jvm/java-8-oracle/jre/lib/amd64/libjavafx_font.so
7f3aa1969000-7f3aa196a000 rw-p 00002000 08:02 12590943                   /usr/lib/jvm/java-8-oracle/jre/lib/amd64/libjavafx_font.so
7f3aa196a000-7f3aa1b6a000 rw-p 00000000 00:00 0 
7f3aa1b6a000-7f3aa1d6a000 rw-p 00000000 00:00 0 
7f3aa1d6a000-7f3aa1d80000 r-xp 00000000 08:02 12589451                   /usr/lib/jvm/java-8-oracle/jre/lib/amd64/libnet.so
7f3aa1d80000-7f3aa1f80000 ---p 00016000 08:02 12589451                   /usr/lib/jvm/java-8-oracle/jre/lib/amd64/libnet.so
7f3aa1f80000-7f3aa1f81000 rw-p 00016000 08:02 12589451                   /usr/lib/jvm/java-8-oracle/jre/lib/amd64/libnet.so
7f3aa1f81000-7f3aa1f92000 r-xp 00000000 08:02 12589455                   /usr/lib/jvm/java-8-oracle/jre/lib/amd64/libnio.so
7f3aa1f92000-7f3aa2191000 ---p 00011000 08:02 12589455                   /usr/lib/jvm/java-8-oracle/jre/lib/amd64/libnio.so
7f3aa2191000-7f3aa2192000 rw-p 00010000 08:02 12589455                   /usr/lib/jvm/java-8-oracle/jre/lib/amd64/libnio.so
7f3aa2192000-7f3aa2195000 ---p 00000000 00:00 0 
7f3aa2195000-7f3aa2293000 rw-p 00000000 00:00 0 
7f3aa2293000-7f3aa2296000 ---p 00000000 00:00 0 
7f3aa2296000-7f3aa2394000 rw-p 00000000 00:00 0 
7f3aa2394000-7f3aa2395000 ---p 00000000 00:00 0 
7f3aa2395000-7f3aa2b95000 rw-p 00000000 00:00 0                          [stack:4936]
7f3aa2b95000-7f3aa2b96000 ---p 00000000 00:00 0 
7f3aa2b96000-7f3aa3396000 rw-p 00000000 00:00 0                          [stack:4935]
7f3aa3396000-7f3aa33a1000 r-xp 00000000 08:02 11141846                   /usr/lib/x86_64-linux-gnu/gio/modules/libdconfsettings.so
7f3aa33a1000-7f3aa35a1000 ---p 0000b000 08:02 11141846                   /usr/lib/x86_64-linux-gnu/gio/modules/libdconfsettings.so
7f3aa35a1000-7f3aa35a2000 r--p 0000b000 08:02 11141846                   /usr/lib/x86_64-linux-gnu/gio/modules/libdconfsettings.so
7f3aa35a2000-7f3aa35a3000 rw-p 0000c000 08:02 11141846                   /usr/lib/x86_64-linux-gnu/gio/modules/libdconfsettings.so
7f3aa35a3000-7f3aa35aa000 r-xp 00000000 08:02 10757813                   /usr/lib/x86_64-linux-gnu/libogg.so.0.8.1
7f3aa35aa000-7f3aa37aa000 ---p 00007000 08:02 10757813                   /usr/lib/x86_64-linux-gnu/libogg.so.0.8.1
7f3aa37aa000-7f3aa37ab000 r--p 00007000 08:02 10757813                   /usr/lib/x86_64-linux-gnu/libogg.so.0.8.1
7f3aa37ab000-7f3aa37ac000 rw-p 00008000 08:02 10757813                   /usr/lib/x86_64-linux-gnu/libogg.so.0.8.1
7f3aa37ac000-7f3aa37d8000 r-xp 00000000 08:02 10758091                   /usr/lib/x86_64-linux-gnu/libvorbis.so.0.4.5
7f3aa37d8000-7f3aa39d7000 ---p 0002c000 08:02 10758091                   /usr/lib/x86_64-linux-gnu/libvorbis.so.0.4.5
7f3aa39d7000-7f3aa39d8000 r--p 0002b000 08:02 10758091                   /usr/lib/x86_64-linux-gnu/libvorbis.so.0.4.5
7f3aa39d8000-7f3aa39d9000 rw-p 0002c000 08:02 10758091                   /usr/lib/x86_64-linux-gnu/libvorbis.so.0.4.5
7f3aa39d9000-7f3aa39e2000 r-xp 00000000 08:02 10757719                   /usr/lib/x86_64-linux-gnu/libltdl.so.7.3.0
7f3aa39e2000-7f3aa3be1000 ---p 00009000 08:02 10757719                   /usr/lib/x86_64-linux-gnu/libltdl.so.7.3.0
7f3aa3be1000-7f3aa3be2000 r--p 00008000 08:02 10757719                   /usr/lib/x86_64-linux-gnu/libltdl.so.7.3.0
7f3aa3be2000-7f3aa3be3000 rw-p 00009000 08:02 10757719                   /usr/lib/x86_64-linux-gnu/libltdl.so.7.3.0
7f3aa3be3000-7f3aa3bf7000 r-xp 00000000 08:02 10748199                   /usr/lib/x86_64-linux-gnu/libtdb.so.1.3.8
7f3aa3bf7000-7f3aa3df6000 ---p 00014000 08:02 10748199                   /usr/lib/x86_64-linux-gnu/libtdb.so.1.3.8
7f3aa3df6000-7f3aa3df7000 r--p 00013000 08:02 10748199                   /usr/lib/x86_64-linux-gnu/libtdb.so.1.3.8
7f3aa3df7000-7f3aa3df8000 rw-p 00014000 08:02 10748199                   /usr/lib/x86_64-linux-gnu/libtdb.so.1.3.8
7f3aa3df8000-7f3aa3dff000 r-xp 00000000 08:02 10758095                   /usr/lib/x86_64-linux-gnu/libvorbisfile.so.3.3.4
7f3aa3dff000-7f3aa3ffe000 ---p 00007000 08:02 10758095                   /usr/lib/x86_64-linux-gnu/libvorbisfile.so.3.3.4
7f3aa3ffe000-7f3aa3fff000 r--p 00006000 08:02 10758095                   /usr/lib/x86_64-linux-gnu/libvorbisfile.so.3.3.4
7f3aa3fff000-7f3aa4000000 rw-p 00007000 08:02 10758095                   /usr/lib/x86_64-linux-gnu/libvorbisfile.so.3.3.4
7f3aa4000000-7f3aa4021000 rw-p 00000000 00:00 0 
7f3aa4021000-7f3aa8000000 ---p 00000000 00:00 0 
7f3aa80a9000-7f3aa80b8000 r-xp 00000000 08:02 10757233                   /usr/lib/x86_64-linux-gnu/libcanberra.so.0.2.5
7f3aa80b8000-7f3aa82b7000 ---p 0000f000 08:02 10757233                   /usr/lib/x86_64-linux-gnu/libcanberra.so.0.2.5
7f3aa82b7000-7f3aa82b8000 r--p 0000e000 08:02 10757233                   /usr/lib/x86_64-linux-gnu/libcanberra.so.0.2.5
7f3aa82b8000-7f3aa82b9000 rw-p 0000f000 08:02 10757233                   /usr/lib/x86_64-linux-gnu/libcanberra.so.0.2.5
7f3aa82b9000-7f3aa82bd000 r-xp 00000000 08:02 10757229                   /usr/lib/x86_64-linux-gnu/libcanberra-gtk.so.0.1.9
7f3aa82bd000-7f3aa84bc000 ---p 00004000 08:02 10757229                   /usr/lib/x86_64-linux-gnu/libcanberra-gtk.so.0.1.9
7f3aa84bc000-7f3aa84bd000 r--p 00003000 08:02 10757229                   /usr/lib/x86_64-linux-gnu/libcanberra-gtk.so.0.1.9
7f3aa84bd000-7f3aa84be000 rw-p 00004000 08:02 10757229                   /usr/lib/x86_64-linux-gnu/libcanberra-gtk.so.0.1.9
7f3aa84be000-7f3aa84c3000 r-xp 00000000 08:02 11142101                   /usr/lib/x86_64-linux-gnu/gtk-2.0/modules/libcanberra-gtk-module.so
7f3aa84c3000-7f3aa86c2000 ---p 00005000 08:02 11142101                   /usr/lib/x86_64-linux-gnu/gtk-2.0/modules/libcanberra-gtk-module.so
7f3aa86c2000-7f3aa86c3000 r--p 00004000 08:02 11142101                   /usr/lib/x86_64-linux-gnu/gtk-2.0/modules/libcanberra-gtk-module.so
7f3aa86c3000-7f3aa86c4000 rw-p 00005000 08:02 11142101                   /usr/lib/x86_64-linux-gnu/gtk-2.0/modules/libcanberra-gtk-module.so
7f3aa86c4000-7f3aa86f3000 r-xp 00000000 08:02 11142083                   /usr/lib/x86_64-linux-gnu/gtk-2.0/2.10.0/engines/libmurrine.so
7f3aa86f3000-7f3aa88f3000 ---p 0002f000 08:02 11142083                   /usr/lib/x86_64-linux-gnu/gtk-2.0/2.10.0/engines/libmurrine.so
7f3aa88f3000-7f3aa88f4000 r--p 0002f000 08:02 11142083                   /usr/lib/x86_64-linux-gnu/gtk-2.0/2.10.0/engines/libmurrine.so
7f3aa88f4000-7f3aa88f5000 rw-p 00030000 08:02 11142083                   /usr/lib/x86_64-linux-gnu/gtk-2.0/2.10.0/engines/libmurrine.so
7f3aa88f5000-7f3aa8905000 r-xp 00000000 08:02 10779560                   /usr/lib/x86_64-linux-gnu/libunity-gtk2-parser.so.0.0.0
7f3aa8905000-7f3aa8b04000 ---p 00010000 08:02 10779560                   /usr/lib/x86_64-linux-gnu/libunity-gtk2-parser.so.0.0.0
7f3aa8b04000-7f3aa8b05000 r--p 0000f000 08:02 10779560                   /usr/lib/x86_64-linux-gnu/libunity-gtk2-parser.so.0.0.0
7f3aa8b05000-7f3aa8b06000 rw-p 00010000 08:02 10779560                   /usr/lib/x86_64-linux-gnu/libunity-gtk2-parser.so.0.0.0
7f3aa8b06000-7f3aa8b0b000 r-xp 00000000 08:02 11141522                   /usr/lib/x86_64-linux-gnu/gtk-2.0/modules/libunity-gtk-module.so
7f3aa8b0b000-7f3aa8d0a000 ---p 00005000 08:02 11141522                   /usr/lib/x86_64-linux-gnu/gtk-2.0/modules/libunity-gtk-module.so
7f3aa8d0a000-7f3aa8d0b000 r--p 00004000 08:02 11141522                   /usr/lib/x86_64-linux-gnu/gtk-2.0/modules/libunity-gtk-module.so
7f3aa8d0b000-7f3aa8d0c000 rw-p 00005000 08:02 11141522                   /usr/lib/x86_64-linux-gnu/gtk-2.0/modules/libunity-gtk-module.so
7f3aa8d0c000-7f3aa8d1d000 r-xp 00000000 08:02 11142104                   /usr/lib/x86_64-linux-gnu/gtk-2.0/modules/liboverlay-scrollbar.so
7f3aa8d1d000-7f3aa8f1c000 ---p 00011000 08:02 11142104                   /usr/lib/x86_64-linux-gnu/gtk-2.0/modules/liboverlay-scrollbar.so
7f3aa8f1c000-7f3aa8f1d000 r--p 00010000 08:02 11142104                   /usr/lib/x86_64-linux-gnu/gtk-2.0/modules/liboverlay-scrollbar.so
7f3aa8f1d000-7f3aa8f1e000 rw-p 00011000 08:02 11142104                   /usr/lib/x86_64-linux-gnu/gtk-2.0/modules/liboverlay-scrollbar.so
7f3aa8f1e000-7f3aa8f47000 r-xp 00000000 08:02 12590944                   /usr/lib/jvm/java-8-oracle/jre/lib/amd64/libglass.so
7f3aa8f47000-7f3aa9146000 ---p 00029000 08:02 12590944                   /usr/lib/jvm/java-8-oracle/jre/lib/amd64/libglass.so
7f3aa9146000-7f3aa9149000 rw-p 00028000 08:02 12590944                   /usr/lib/jvm/java-8-oracle/jre/lib/amd64/libglass.so
7f3aa9149000-7f3aa9180000 r-xp 00000000 08:02 10758042                   /usr/lib/x86_64-linux-gnu/libtxc_dxtn_s2tc.so.0.0.0
7f3aa9180000-7f3aa937f000 ---p 00037000 08:02 10758042                   /usr/lib/x86_64-linux-gnu/libtxc_dxtn_s2tc.so.0.0.0
7f3aa937f000-7f3aa9380000 r--p 00036000 08:02 10758042                   /usr/lib/x86_64-linux-gnu/libtxc_dxtn_s2tc.so.0.0.0
7f3aa9380000-7f3aa9381000 rw-p 00037000 08:02 10758042                   /usr/lib/x86_64-linux-gnu/libtxc_dxtn_s2tc.so.0.0.0
7f3aa9381000-7f3aa9389000 r-xp 00000000 08:02 10757845                   /usr/lib/x86_64-linux-gnu/libpciaccess.so.0.11.1
7f3aa9389000-7f3aa9588000 ---p 00008000 08:02 10757845                   /usr/lib/x86_64-linux-gnu/libpciaccess.so.0.11.1
7f3aa9588000-7f3aa9589000 r--p 00007000 08:02 10757845                   /usr/lib/x86_64-linux-gnu/libpciaccess.so.0.11.1
7f3aa9589000-7f3aa958a000 rw-p 00008000 08:02 10757845                   /usr/lib/x86_64-linux-gnu/libpciaccess.so.0.11.1
7f3aa958a000-7f3aa9595000 r-xp 00000000 08:02 10752353                   /usr/lib/x86_64-linux-gnu/libdrm_radeon.so.1.0.1
7f3aa9595000-7f3aa9794000 ---p 0000b000 08:02 10752353                   /usr/lib/x86_64-linux-gnu/libdrm_radeon.so.1.0.1
7f3aa9794000-7f3aa9795000 r--p 0000a000 08:02 10752353                   /usr/lib/x86_64-linux-gnu/libdrm_radeon.so.1.0.1
7f3aa9795000-7f3aa9796000 rw-p 0000b000 08:02 10752353                   /usr/lib/x86_64-linux-gnu/libdrm_radeon.so.1.0.1
7f3aa9796000-7f3aa979c000 r-xp 00000000 08:02 10749619                   /usr/lib/x86_64-linux-gnu/libdrm_nouveau.so.2.0.0
7f3aa979c000-7f3aa999b000 ---p 00006000 08:02 10749619                   /usr/lib/x86_64-linux-gnu/libdrm_nouveau.so.2.0.0
7f3aa999b000-7f3aa999c000 r--p 00005000 08:02 10749619                   /usr/lib/x86_64-linux-gnu/libdrm_nouveau.so.2.0.0
7f3aa999c000-7f3aa999d000 rw-p 00006000 08:02 10749619                   /usr/lib/x86_64-linux-gnu/libdrm_nouveau.so.2.0.0
7f3aa999d000-7f3aa99bc000 r-xp 00000000 08:02 10748323                   /usr/lib/x86_64-linux-gnu/libdrm_intel.so.1.0.0
7f3aa99bc000-7f3aa9bbb000 ---p 0001f000 08:02 10748323                   /usr/lib/x86_64-linux-gnu/libdrm_intel.so.1.0.0
7f3aa9bbb000-7f3aa9bbc000 r--p 0001e000 08:02 10748323                   /usr/lib/x86_64-linux-gnu/libdrm_intel.so.1.0.0
7f3aa9bbc000-7f3aa9bbd000 rw-p 0001f000 08:02 10748323                   /usr/lib/x86_64-linux-gnu/libdrm_intel.so.1.0.0
7f3aa9bbd000-7f3aaa0ac000 r-xp 00000000 08:02 11024458                   /usr/lib/x86_64-linux-gnu/dri/i965_dri.so
7f3aaa0ac000-7f3aaa2ac000 ---p 004ef000 08:02 11024458                   /usr/lib/x86_64-linux-gnu/dri/i965_dri.so
7f3aaa2ac000-7f3aaa2c3000 r--p 004ef000 08:02 11024458                   /usr/lib/x86_64-linux-gnu/dri/i965_dri.so
7f3aaa2c3000-7f3aaa2cf000 rw-p 00506000 08:02 11024458                   /usr/lib/x86_64-linux-gnu/dri/i965_dri.so
7f3aaa2cf000-7f3aaa31b000 rw-p 00000000 00:00 0 
7f3aaa31b000-7f3aaa35f000 r-xp 00000000 08:02 8782785                    /lib/x86_64-linux-gnu/libdbus-1.so.3.7.6
7f3aaa35f000-7f3aaa55e000 ---p 00044000 08:02 8782785                    /lib/x86_64-linux-gnu/libdbus-1.so.3.7.6
7f3aaa55e000-7f3aaa55f000 r--p 00043000 08:02 8782785                    /lib/x86_64-linux-gnu/libdbus-1.so.3.7.6
7f3aaa55f000-7f3aaa560000 rw-p 00044000 08:02 8782785                    /lib/x86_64-linux-gnu/libdbus-1.so.3.7.6
7f3aaa560000-7f3aaa568000 r-xp 00000000 08:02 8786061                    /lib/x86_64-linux-gnu/libnih-dbus.so.1.0.0
7f3aaa568000-7f3aaa768000 ---p 00008000 08:02 8786061                    /lib/x86_64-linux-gnu/libnih-dbus.so.1.0.0
7f3aaa768000-7f3aaa769000 r--p 00008000 08:02 8786061                    /lib/x86_64-linux-gnu/libnih-dbus.so.1.0.0
7f3aaa769000-7f3aaa76a000 rw-p 00009000 08:02 8786061                    /lib/x86_64-linux-gnu/libnih-dbus.so.1.0.0
7f3aaa76a000-7f3aaa781000 r-xp 00000000 08:02 8786063                    /lib/x86_64-linux-gnu/libnih.so.1.0.0
7f3aaa781000-7f3aaa980000 ---p 00017000 08:02 8786063                    /lib/x86_64-linux-gnu/libnih.so.1.0.0
7f3aaa980000-7f3aaa981000 r--p 00016000 08:02 8786063                    /lib/x86_64-linux-gnu/libnih.so.1.0.0
7f3aaa981000-7f3aaa982000 rw-p 00017000 08:02 8786063                    /lib/x86_64-linux-gnu/libnih.so.1.0.0
7f3aaa982000-7f3aaa99b000 r-xp 00000000 08:02 8782829                    /lib/x86_64-linux-gnu/libcgmanager.so.0.0.0
7f3aaa99b000-7f3aaab9a000 ---p 00019000 08:02 8782829                    /lib/x86_64-linux-gnu/libcgmanager.so.0.0.0
7f3aaab9a000-7f3aaab9c000 r--p 00018000 08:02 8782829                    /lib/x86_64-linux-gnu/libcgmanager.so.0.0.0
7f3aaab9c000-7f3aaab9d000 rw-p 0001a000 08:02 8782829                    /lib/x86_64-linux-gnu/libcgmanager.so.0.0.0
7f3aaab9d000-7f3aaabad000 r-xp 00000000 08:02 8791865                    /lib/x86_64-linux-gnu/libudev.so.1.3.5
7f3aaabad000-7f3aaadac000 ---p 00010000 08:02 8791865                    /lib/x86_64-linux-gnu/libudev.so.1.3.5
7f3aaadac000-7f3aaadad000 r--p 0000f000 08:02 8791865                    /lib/x86_64-linux-gnu/libudev.so.1.3.5
7f3aaadad000-7f3aaadae000 rw-p 00010000 08:02 8791865                    /lib/x86_64-linux-gnu/libudev.so.1.3.5
7f3aaadae000-7f3aaadb4000 r-xp 00000000 08:02 10757297                   /usr/lib/x86_64-linux-gnu/libdatrie.so.1.3.1
7f3aaadb4000-7f3aaafb3000 ---p 00006000 08:02 10757297                   /usr/lib/x86_64-linux-gnu/libdatrie.so.1.3.1
7f3aaafb3000-7f3aaafb4000 r--p 00005000 08:02 10757297                   /usr/lib/x86_64-linux-gnu/libdatrie.so.1.3.1
7f3aaafb4000-7f3aaafb5000 rw-p 00006000 08:02 10757297                   /usr/lib/x86_64-linux-gnu/libdatrie.so.1.3.1
7f3aaafb5000-7f3aaafba000 r-xp 00000000 08:02 10757105                   /usr/lib/x86_64-linux-gnu/libXdmcp.so.6.0.0
7f3aaafba000-7f3aab1b9000 ---p 00005000 08:02 10757105                   /usr/lib/x86_64-linux-gnu/libXdmcp.so.6.0.0
7f3aab1b9000-7f3aab1ba000 r--p 00004000 08:02 10757105                   /usr/lib/x86_64-linux-gnu/libXdmcp.so.6.0.0
7f3aab1ba000-7f3aab1bb000 rw-p 00005000 08:02 10757105                   /usr/lib/x86_64-linux-gnu/libXdmcp.so.6.0.0
7f3aab1bb000-7f3aab1bd000 r-xp 00000000 08:02 10757094                   /usr/lib/x86_64-linux-gnu/libXau.so.6.0.0
7f3aab1bd000-7f3aab3bd000 ---p 00002000 08:02 10757094                   /usr/lib/x86_64-linux-gnu/libXau.so.6.0.0
7f3aab3bd000-7f3aab3be000 r--p 00002000 08:02 10757094                   /usr/lib/x86_64-linux-gnu/libXau.so.6.0.0
7f3aab3be000-7f3aab3bf000 rw-p 00003000 08:02 10757094                   /usr/lib/x86_64-linux-gnu/libXau.so.6.0.0
7f3aab3bf000-7f3aab3e3000 r-xp 00000000 08:02 10748207                   /usr/lib/x86_64-linux-gnu/libgraphite2.so.3.0.1
7f3aab3e3000-7f3aab5e2000 ---p 00024000 08:02 10748207                   /usr/lib/x86_64-linux-gnu/libgraphite2.so.3.0.1
7f3aab5e2000-7f3aab5e4000 r--p 00023000 08:02 10748207                   /usr/lib/x86_64-linux-gnu/libgraphite2.so.3.0.1
7f3aab5e4000-7f3aab5e5000 rw-p 00025000 08:02 10748207                   /usr/lib/x86_64-linux-gnu/libgraphite2.so.3.0.1
7f3aab5e5000-7f3aab5f1000 r-xp 00000000 08:02 10751829                   /usr/lib/x86_64-linux-gnu/libdrm.so.2.4.0
7f3aab5f1000-7f3aab7f0000 ---p 0000c000 08:02 10751829                   /usr/lib/x86_64-linux-gnu/libdrm.so.2.4.0
7f3aab7f0000-7f3aab7f1000 r--p 0000b000 08:02 10751829                   /usr/lib/x86_64-linux-gnu/libdrm.so.2.4.0
7f3aab7f1000-7f3aab7f2000 rw-p 0000c000 08:02 10751829                   /usr/lib/x86_64-linux-gnu/libdrm.so.2.4.0
7f3aab7f2000-7f3aab7f3000 r-xp 00000000 08:02 10758170                   /usr/lib/x86_64-linux-gnu/libxshmfence.so.1.0.0
7f3aab7f3000-7f3aab9f2000 ---p 00001000 08:02 10758170                   /usr/lib/x86_64-linux-gnu/libxshmfence.so.1.0.0
7f3aab9f2000-7f3aab9f3000 r--p 00000000 08:02 10758170                   /usr/lib/x86_64-linux-gnu/libxshmfence.so.1.0.0
7f3aab9f3000-7f3aab9f4000 rw-p 00001000 08:02 10758170                   /usr/lib/x86_64-linux-gnu/libxshmfence.so.1.0.0
7f3aab9f4000-7f3aab9f9000 r-xp 00000000 08:02 10758154                   /usr/lib/x86_64-linux-gnu/libxcb-sync.so.1.0.0
7f3aab9f9000-7f3aabbf8000 ---p 00005000 08:02 10758154                   /usr/lib/x86_64-linux-gnu/libxcb-sync.so.1.0.0
7f3aabbf8000-7f3aabbf9000 r--p 00004000 08:02 10758154                   /usr/lib/x86_64-linux-gnu/libxcb-sync.so.1.0.0
7f3aabbf9000-7f3aabbfa000 rw-p 00005000 08:02 10758154                   /usr/lib/x86_64-linux-gnu/libxcb-sync.so.1.0.0
7f3aabbfa000-7f3aabbfc000 r-xp 00000000 08:02 10758142                   /usr/lib/x86_64-linux-gnu/libxcb-present.so.0.0.0
7f3aabbfc000-7f3aabdfb000 ---p 00002000 08:02 10758142                   /usr/lib/x86_64-linux-gnu/libxcb-present.so.0.0.0
7f3aabdfb000-7f3aabdfc000 r--p 00001000 08:02 10758142                   /usr/lib/x86_64-linux-gnu/libxcb-present.so.0.0.0
7f3aabdfc000-7f3aabdfd000 rw-p 00002000 08:02 10758142                   /usr/lib/x86_64-linux-gnu/libxcb-present.so.0.0.0
7f3aabdfd000-7f3aabdff000 r-xp 00000000 08:02 10758134                   /usr/lib/x86_64-linux-gnu/libxcb-dri3.so.0.0.0
7f3aabdff000-7f3aabffe000 ---p 00002000 08:02 10758134                   /usr/lib/x86_64-linux-gnu/libxcb-dri3.so.0.0.0
7f3aabffe000-7f3aabfff000 r--p 00001000 08:02 10758134                   /usr/lib/x86_64-linux-gnu/libxcb-dri3.so.0.0.0
7f3aabfff000-7f3aac000000 rw-p 00002000 08:02 10758134                   /usr/lib/x86_64-linux-gnu/libxcb-dri3.so.0.0.0
7f3aac000000-7f3aac021000 rw-p 00000000 00:00 0 
7f3aac021000-7f3ab0000000 ---p 00000000 00:00 0 
7f3ab0000000-7f3ab0021000 rw-p 00000000 00:00 0 
7f3ab0021000-7f3ab4000000 ---p 00000000 00:00 0 
7f3ab4000000-7f3ab4021000 rw-p 00000000 00:00 0 
7f3ab4021000-7f3ab8000000 ---p 00000000 00:00 0 
7f3ab800d000-7f3ab8010000 rw-p 00000000 00:00 0 
7f3ab8010000-7f3ab8015000 r--s 00084000 08:02 12591217                   /usr/lib/jvm/java-8-oracle/jre/lib/jfr.jar
7f3ab8015000-7f3ab8016000 r--s 00000000 08:02 5510083                    /var/cache/fontconfig/c05880de57d1f5e948fdfacc138775d9-le64.cache-4
7f3ab8016000-7f3ab8021000 r--s 00000000 08:02 5505125                    /var/cache/fontconfig/945677eb7aeaf62f1d50efc3fb3ec7d8-le64.cache-4
7f3ab8021000-7f3ab8023000 r--s 00000000 08:02 5510039                    /var/cache/fontconfig/99e8ed0e538f840c565b6ed5dad60d56-le64.cache-4
7f3ab8023000-7f3ab802c000 r--s 00000000 08:02 5510038                    /var/cache/fontconfig/a6d8cf8e4ec09cdbc8633c31745a07dd-le64.cache-4
7f3ab802c000-7f3ab8032000 r--s 00000000 08:02 5510037                    /var/cache/fontconfig/2cd17615ca594fa2959ae173292e504c-le64.cache-4
7f3ab8032000-7f3ab8033000 r--s 00000000 08:02 5510035                    /var/cache/fontconfig/e7071f4a29fa870f4323321c154eba04-le64.cache-4
7f3ab8033000-7f3ab8034000 r--s 00000000 08:02 5509900                    /var/cache/fontconfig/0d8c3b2ac0904cb8a57a757ad11a4a08-le64.cache-4
7f3ab8034000-7f3ab803b000 r--s 00000000 08:02 5509898                    /var/cache/fontconfig/a755afe4a08bf5b97852ceb7400b47bc-le64.cache-4
7f3ab803b000-7f3ab803f000 r--s 00000000 08:02 5524337                    /var/cache/fontconfig/6d41288fd70b0be22e8c3a91e032eec0-le64.cache-4
7f3ab803f000-7f3ab8043000 r--s 00000000 08:02 5512089                    /var/cache/fontconfig/de156ccd2eddbdc19d37a45b8b2aac9c-le64.cache-4
7f3ab8043000-7f3ab8057000 r--s 00000000 08:02 5509894                    /var/cache/fontconfig/04aabc0a78ac019cf9454389977116d2-le64.cache-4
7f3ab8057000-7f3ab8058000 r--s 00000000 08:02 5509883                    /var/cache/fontconfig/1ac9eb803944fde146138c791f5cc56a-le64.cache-4
7f3ab8058000-7f3ab805c000 r--s 00000000 08:02 5509882                    /var/cache/fontconfig/385c0604a188198f04d133e54aba7fe7-le64.cache-4
7f3ab805c000-7f3ab805d000 r--s 00000000 08:02 5509881                    /var/cache/fontconfig/dc05db6664285cc2f12bf69c139ae4c3-le64.cache-4
7f3ab805d000-7f3ab805f000 r--s 00000000 08:02 5509880                    /var/cache/fontconfig/767a8244fc0220cfb567a839d0392e0b-le64.cache-4
7f3ab805f000-7f3ab8060000 r--s 00000000 08:02 5525544                    /var/cache/fontconfig/4794a0821666d79190d59a36cb4f44b5-le64.cache-4
7f3ab8060000-7f3ab8065000 r--s 00000000 08:02 5509871                    /var/cache/fontconfig/8801497958630a81b71ace7c5f9b32a8-le64.cache-4
7f3ab8065000-7f3ab806c000 r--s 00000000 08:02 5509856                    /var/cache/fontconfig/3047814df9a2f067bd2d96a2b9c36e5a-le64.cache-4
7f3ab806c000-7f3ab806d000 r--s 00000000 08:02 5509853                    /var/cache/fontconfig/56cf4f4769d0f4abc89a4895d7bd3ae1-le64.cache-4
7f3ab806d000-7f3ab806e000 r--s 00000000 08:02 5509849                    /var/cache/fontconfig/b9d506c9ac06c20b433354fa67a72993-le64.cache-4
7f3ab806e000-7f3ab8074000 r--s 00000000 08:02 5509843                    /var/cache/fontconfig/b47c4e1ecd0709278f4910c18777a504-le64.cache-4
7f3ab8074000-7f3ab807d000 r--s 00000000 08:02 5509842                    /var/cache/fontconfig/52f7bdb7ce746bfd7eaa1985bd9cfa93-le64.cache-4
7f3ab807d000-7f3ab8090000 r--s 00000000 08:02 5509841                    /var/cache/fontconfig/d52a8644073d54c13679302ca1180695-le64.cache-4
7f3ab8090000-7f3ab8099000 r--s 00000000 08:02 5513485                    /var/cache/fontconfig/3f7329c5293ffd510edef78f73874cfd-le64.cache-4
7f3ab8099000-7f3ab80a4000 r--s 00000000 08:02 5509827                    /var/cache/fontconfig/d589a48862398ed80a3d6066f4f56f4c-le64.cache-4
7f3ab80a4000-7f3ab80cd000 r--s 001ee000 08:02 2368789                    /home/david/.gradle/caches/modules-2/files-2.1/com.google.guava/guava/14.0.1/69e12f4c6aeac392555f1ea86fab82b5e5e31ad4/guava-14.0.1.jar
7f3ab80cd000-7f3ab80d0000 ---p 00000000 00:00 0 
7f3ab80d0000-7f3ab81ce000 rw-p 00000000 00:00 0                          [stack:4937]
7f3ab81ce000-7f3ab81d1000 r-xp 00000000 08:02 10758132                   /usr/lib/x86_64-linux-gnu/libxcb-dri2.so.0.0.0
7f3ab81d1000-7f3ab83d1000 ---p 00003000 08:02 10758132                   /usr/lib/x86_64-linux-gnu/libxcb-dri2.so.0.0.0
7f3ab83d1000-7f3ab83d2000 r--p 00003000 08:02 10758132                   /usr/lib/x86_64-linux-gnu/libxcb-dri2.so.0.0.0
7f3ab83d2000-7f3ab83d3000 rw-p 00004000 08:02 10758132                   /usr/lib/x86_64-linux-gnu/libxcb-dri2.so.0.0.0
7f3ab83d3000-7f3ab83e8000 r-xp 00000000 08:02 10758136                   /usr/lib/x86_64-linux-gnu/libxcb-glx.so.0.0.0
7f3ab83e8000-7f3ab85e7000 ---p 00015000 08:02 10758136                   /usr/lib/x86_64-linux-gnu/libxcb-glx.so.0.0.0
7f3ab85e7000-7f3ab85e9000 r--p 00014000 08:02 10758136                   /usr/lib/x86_64-linux-gnu/libxcb-glx.so.0.0.0
7f3ab85e9000-7f3ab85ea000 rw-p 00016000 08:02 10758136                   /usr/lib/x86_64-linux-gnu/libxcb-glx.so.0.0.0
7f3ab85ea000-7f3ab85eb000 r-xp 00000000 08:02 10757088                   /usr/lib/x86_64-linux-gnu/libX11-xcb.so.1.0.0
7f3ab85eb000-7f3ab87ea000 ---p 00001000 08:02 10757088                   /usr/lib/x86_64-linux-gnu/libX11-xcb.so.1.0.0
7f3ab87ea000-7f3ab87eb000 r--p 00000000 08:02 10757088                   /usr/lib/x86_64-linux-gnu/libX11-xcb.so.1.0.0
7f3ab87eb000-7f3ab87ec000 rw-p 00001000 08:02 10757088                   /usr/lib/x86_64-linux-gnu/libX11-xcb.so.1.0.0
7f3ab87ec000-7f3ab880e000 r-xp 00000000 08:02 10748143                   /usr/lib/x86_64-linux-gnu/libglapi.so.0.0.0
7f3ab880e000-7f3ab8a0e000 ---p 00022000 08:02 10748143                   /usr/lib/x86_64-linux-gnu/libglapi.so.0.0.0
7f3ab8a0e000-7f3ab8a11000 r--p 00022000 08:02 10748143                   /usr/lib/x86_64-linux-gnu/libglapi.so.0.0.0
7f3ab8a11000-7f3ab8a12000 rw-p 00025000 08:02 10748143                   /usr/lib/x86_64-linux-gnu/libglapi.so.0.0.0
7f3ab8a12000-7f3ab8a13000 rw-p 00000000 00:00 0 
7f3ab8a13000-7f3ab8a50000 r-xp 00000000 08:02 8836307                    /lib/x86_64-linux-gnu/libpcre.so.3.13.1
7f3ab8a50000-7f3ab8c4f000 ---p 0003d000 08:02 8836307                    /lib/x86_64-linux-gnu/libpcre.so.3.13.1
7f3ab8c4f000-7f3ab8c50000 r--p 0003c000 08:02 8836307                    /lib/x86_64-linux-gnu/libpcre.so.3.13.1
7f3ab8c50000-7f3ab8c51000 rw-p 0003d000 08:02 8836307                    /lib/x86_64-linux-gnu/libpcre.so.3.13.1
7f3ab8c51000-7f3ab8c58000 r-xp 00000000 08:02 10748984                   /usr/lib/x86_64-linux-gnu/libffi.so.6.0.1
7f3ab8c58000-7f3ab8e57000 ---p 00007000 08:02 10748984                   /usr/lib/x86_64-linux-gnu/libffi.so.6.0.1
7f3ab8e57000-7f3ab8e58000 r--p 00006000 08:02 10748984                   /usr/lib/x86_64-linux-gnu/libffi.so.6.0.1
7f3ab8e58000-7f3ab8e59000 rw-p 00007000 08:02 10748984                   /usr/lib/x86_64-linux-gnu/libffi.so.6.0.1
7f3ab8e59000-7f3ab8e80000 r-xp 00000000 08:02 8786007                    /lib/x86_64-linux-gnu/libexpat.so.1.6.0
7f3ab8e80000-7f3ab9080000 ---p 00027000 08:02 8786007                    /lib/x86_64-linux-gnu/libexpat.so.1.6.0
7f3ab9080000-7f3ab9082000 r--p 00027000 08:02 8786007                    /lib/x86_64-linux-gnu/libexpat.so.1.6.0
7f3ab9082000-7f3ab9083000 rw-p 00029000 08:02 8786007                    /lib/x86_64-linux-gnu/libexpat.so.1.6.0
7f3ab9083000-7f3ab908b000 r-xp 00000000 08:02 10758022                   /usr/lib/x86_64-linux-gnu/libthai.so.0.2.0
7f3ab908b000-7f3ab928a000 ---p 00008000 08:02 10758022                   /usr/lib/x86_64-linux-gnu/libthai.so.0.2.0
7f3ab928a000-7f3ab928b000 r--p 00007000 08:02 10758022                   /usr/lib/x86_64-linux-gnu/libthai.so.0.2.0
7f3ab928b000-7f3ab928c000 rw-p 00008000 08:02 10758022                   /usr/lib/x86_64-linux-gnu/libthai.so.0.2.0
7f3ab928c000-7f3ab92a9000 r-xp 00000000 08:02 10758162                   /usr/lib/x86_64-linux-gnu/libxcb.so.1.1.0
7f3ab92a9000-7f3ab94a9000 ---p 0001d000 08:02 10758162                   /usr/lib/x86_64-linux-gnu/libxcb.so.1.1.0
7f3ab94a9000-7f3ab94aa000 r--p 0001d000 08:02 10758162                   /usr/lib/x86_64-linux-gnu/libxcb.so.1.1.0
7f3ab94aa000-7f3ab94ab000 rw-p 0001e000 08:02 10758162                   /usr/lib/x86_64-linux-gnu/libxcb.so.1.1.0
7f3ab94ab000-7f3ab94b3000 r-xp 00000000 08:02 10758148                   /usr/lib/x86_64-linux-gnu/libxcb-render.so.0.0.0
7f3ab94b3000-7f3ab96b2000 ---p 00008000 08:02 10758148                   /usr/lib/x86_64-linux-gnu/libxcb-render.so.0.0.0
7f3ab96b2000-7f3ab96b3000 r--p 00007000 08:02 10758148                   /usr/lib/x86_64-linux-gnu/libxcb-render.so.0.0.0
7f3ab96b3000-7f3ab96b4000 rw-p 00008000 08:02 10758148                   /usr/lib/x86_64-linux-gnu/libxcb-render.so.0.0.0
7f3ab96b4000-7f3ab96b6000 r-xp 00000000 08:02 10758152                   /usr/lib/x86_64-linux-gnu/libxcb-shm.so.0.0.0
7f3ab96b6000-7f3ab98b5000 ---p 00002000 08:02 10758152                   /usr/lib/x86_64-linux-gnu/libxcb-shm.so.0.0.0
7f3ab98b5000-7f3ab98b6000 r--p 00001000 08:02 10758152                   /usr/lib/x86_64-linux-gnu/libxcb-shm.so.0.0.0
7f3ab98b6000-7f3ab98b7000 rw-p 00002000 08:02 10758152                   /usr/lib/x86_64-linux-gnu/libxcb-shm.so.0.0.0
7f3ab98b7000-7f3ab98dc000 r-xp 00000000 08:02 8805095                    /lib/x86_64-linux-gnu/libpng12.so.0.50.0
7f3ab98dc000-7f3ab9adb000 ---p 00025000 08:02 8805095                    /lib/x86_64-linux-gnu/libpng12.so.0.50.0
7f3ab9adb000-7f3ab9adc000 r--p 00024000 08:02 8805095                    /lib/x86_64-linux-gnu/libpng12.so.0.50.0
7f3ab9adc000-7f3ab9add000 rw-p 00025000 08:02 8805095                    /lib/x86_64-linux-gnu/libpng12.so.0.50.0
7f3ab9add000-7f3ab9b7d000 r-xp 00000000 08:02 10748805                   /usr/lib/x86_64-linux-gnu/libpixman-1.so.0.30.2
7f3ab9b7d000-7f3ab9d7d000 ---p 000a0000 08:02 10748805                   /usr/lib/x86_64-linux-gnu/libpixman-1.so.0.30.2
7f3ab9d7d000-7f3ab9d84000 r--p 000a0000 08:02 10748805                   /usr/lib/x86_64-linux-gnu/libpixman-1.so.0.30.2
7f3ab9d84000-7f3ab9d85000 rw-p 000a7000 08:02 10748805                   /usr/lib/x86_64-linux-gnu/libpixman-1.so.0.30.2
7f3ab9d85000-7f3ab9dd8000 r-xp 00000000 08:02 10747938                   /usr/lib/x86_64-linux-gnu/libharfbuzz.so.0.927.0
7f3ab9dd8000-7f3ab9fd8000 ---p 00053000 08:02 10747938                   /usr/lib/x86_64-linux-gnu/libharfbuzz.so.0.927.0
7f3ab9fd8000-7f3ab9fd9000 r--p 00053000 08:02 10747938                   /usr/lib/x86_64-linux-gnu/libharfbuzz.so.0.927.0
7f3ab9fd9000-7f3ab9fda000 rw-p 00054000 08:02 10747938                   /usr/lib/x86_64-linux-gnu/libharfbuzz.so.0.927.0
7f3ab9fda000-7f3ab9ff1000 r-xp 00000000 08:02 8789155                    /lib/x86_64-linux-gnu/libresolv-2.19.so
7f3ab9ff1000-7f3aba1f1000 ---p 00017000 08:02 8789155                    /lib/x86_64-linux-gnu/libresolv-2.19.so
7f3aba1f1000-7f3aba1f2000 r--p 00017000 08:02 8789155                    /lib/x86_64-linux-gnu/libresolv-2.19.so
7f3aba1f2000-7f3aba1f3000 rw-p 00018000 08:02 8789155                    /lib/x86_64-linux-gnu/libresolv-2.19.so
7f3aba1f3000-7f3aba1f5000 rw-p 00000000 00:00 0 
7f3aba1f5000-7f3aba215000 r-xp 00000000 08:02 8782799                    /lib/x86_64-linux-gnu/libselinux.so.1
7f3aba215000-7f3aba414000 ---p 00020000 08:02 8782799                    /lib/x86_64-linux-gnu/libselinux.so.1
7f3aba414000-7f3aba415000 r--p 0001f000 08:02 8782799                    /lib/x86_64-linux-gnu/libselinux.so.1
7f3aba415000-7f3aba416000 rw-p 00020000 08:02 8782799                    /lib/x86_64-linux-gnu/libselinux.so.1
7f3aba416000-7f3aba418000 rw-p 00000000 00:00 0 
7f3aba418000-7f3aba430000 r-xp 00000000 08:02 8786162                    /lib/x86_64-linux-gnu/libz.so.1.2.8
7f3aba430000-7f3aba62f000 ---p 00018000 08:02 8786162                    /lib/x86_64-linux-gnu/libz.so.1.2.8
7f3aba62f000-7f3aba630000 r--p 00017000 08:02 8786162                    /lib/x86_64-linux-gnu/libz.so.1.2.8
7f3aba630000-7f3aba631000 rw-p 00018000 08:02 8786162                    /lib/x86_64-linux-gnu/libz.so.1.2.8
7f3aba631000-7f3aba642000 r-xp 00000000 08:02 10748772                   /usr/lib/x86_64-linux-gnu/libXext.so.6.4.0
7f3aba642000-7f3aba841000 ---p 00011000 08:02 10748772                   /usr/lib/x86_64-linux-gnu/libXext.so.6.4.0
7f3aba841000-7f3aba842000 r--p 00010000 08:02 10748772                   /usr/lib/x86_64-linux-gnu/libXext.so.6.4.0
7f3aba842000-7f3aba843000 rw-p 00011000 08:02 10748772                   /usr/lib/x86_64-linux-gnu/libXext.so.6.4.0
7f3aba843000-7f3aba845000 r-xp 00000000 08:02 10757103                   /usr/lib/x86_64-linux-gnu/libXdamage.so.1.1.0
7f3aba845000-7f3abaa44000 ---p 00002000 08:02 10757103                   /usr/lib/x86_64-linux-gnu/libXdamage.so.1.1.0
7f3abaa44000-7f3abaa45000 r--p 00001000 08:02 10757103                   /usr/lib/x86_64-linux-gnu/libXdamage.so.1.1.0
7f3abaa45000-7f3abaa46000 rw-p 00002000 08:02 10757103                   /usr/lib/x86_64-linux-gnu/libXdamage.so.1.1.0
7f3abaa46000-7f3abaa48000 r-xp 00000000 08:02 10757099                   /usr/lib/x86_64-linux-gnu/libXcomposite.so.1.0.0
7f3abaa48000-7f3abac47000 ---p 00002000 08:02 10757099                   /usr/lib/x86_64-linux-gnu/libXcomposite.so.1.0.0
7f3abac47000-7f3abac48000 r--p 00001000 08:02 10757099                   /usr/lib/x86_64-linux-gnu/libXcomposite.so.1.0.0
7f3abac48000-7f3abac49000 rw-p 00002000 08:02 10757099                   /usr/lib/x86_64-linux-gnu/libXcomposite.so.1.0.0
7f3abac49000-7f3abac52000 r-xp 00000000 08:02 10757101                   /usr/lib/x86_64-linux-gnu/libXcursor.so.1.0.2
7f3abac52000-7f3abae51000 ---p 00009000 08:02 10757101                   /usr/lib/x86_64-linux-gnu/libXcursor.so.1.0.2
7f3abae51000-7f3abae52000 r--p 00008000 08:02 10757101                   /usr/lib/x86_64-linux-gnu/libXcursor.so.1.0.2
7f3abae52000-7f3abae53000 rw-p 00009000 08:02 10757101                   /usr/lib/x86_64-linux-gnu/libXcursor.so.1.0.2
7f3abae53000-7f3abae5c000 r-xp 00000000 08:02 10757127                   /usr/lib/x86_64-linux-gnu/libXrandr.so.2.2.0
7f3abae5c000-7f3abb05b000 ---p 00009000 08:02 10757127                   /usr/lib/x86_64-linux-gnu/libXrandr.so.2.2.0
7f3abb05b000-7f3abb05c000 r--p 00008000 08:02 10757127                   /usr/lib/x86_64-linux-gnu/libXrandr.so.2.2.0
7f3abb05c000-7f3abb05d000 rw-p 00009000 08:02 10757127                   /usr/lib/x86_64-linux-gnu/libXrandr.so.2.2.0
7f3abb05d000-7f3abb06c000 r-xp 00000000 08:02 10751957                   /usr/lib/x86_64-linux-gnu/libXi.so.6.1.0
7f3abb06c000-7f3abb26b000 ---p 0000f000 08:02 10751957                   /usr/lib/x86_64-linux-gnu/libXi.so.6.1.0
7f3abb26b000-7f3abb26c000 r--p 0000e000 08:02 10751957                   /usr/lib/x86_64-linux-gnu/libXi.so.6.1.0
7f3abb26c000-7f3abb26d000 rw-p 0000f000 08:02 10751957                   /usr/lib/x86_64-linux-gnu/libXi.so.6.1.0
7f3abb26d000-7f3abb26f000 r-xp 00000000 08:02 10757117                   /usr/lib/x86_64-linux-gnu/libXinerama.so.1.0.0
7f3abb26f000-7f3abb46e000 ---p 00002000 08:02 10757117                   /usr/lib/x86_64-linux-gnu/libXinerama.so.1.0.0
7f3abb46e000-7f3abb46f000 r--p 00001000 08:02 10757117                   /usr/lib/x86_64-linux-gnu/libXinerama.so.1.0.0
7f3abb46f000-7f3abb470000 rw-p 00002000 08:02 10757117                   /usr/lib/x86_64-linux-gnu/libXinerama.so.1.0.0
7f3abb470000-7f3abb479000 r-xp 00000000 08:02 10756904                   /usr/lib/x86_64-linux-gnu/libXrender.so.1.3.0
7f3abb479000-7f3abb678000 ---p 00009000 08:02 10756904                   /usr/lib/x86_64-linux-gnu/libXrender.so.1.3.0
7f3abb678000-7f3abb679000 r--p 00008000 08:02 10756904                   /usr/lib/x86_64-linux-gnu/libXrender.so.1.3.0
7f3abb679000-7f3abb67a000 rw-p 00009000 08:02 10756904                   /usr/lib/x86_64-linux-gnu/libXrender.so.1.3.0
7f3abb67a000-7f3abb67f000 r-xp 00000000 08:02 10748801                   /usr/lib/x86_64-linux-gnu/libXfixes.so.3.1.0
7f3abb67f000-7f3abb87e000 ---p 00005000 08:02 10748801                   /usr/lib/x86_64-linux-gnu/libXfixes.so.3.1.0
7f3abb87e000-7f3abb87f000 r--p 00004000 08:02 10748801                   /usr/lib/x86_64-linux-gnu/libXfixes.so.3.1.0
7f3abb87f000-7f3abb880000 rw-p 00005000 08:02 10748801                   /usr/lib/x86_64-linux-gnu/libXfixes.so.3.1.0
7f3abb880000-7f3abb896000 r-xp 00000000 08:02 8786323                    /lib/x86_64-linux-gnu/libgcc_s.so.1
7f3abb896000-7f3abba95000 ---p 00016000 08:02 8786323                    /lib/x86_64-linux-gnu/libgcc_s.so.1
7f3abba95000-7f3abba96000 rw-p 00015000 08:02 8786323                    /lib/x86_64-linux-gnu/libgcc_s.so.1
7f3abba96000-7f3abbb7c000 r-xp 00000000 08:02 10751540                   /usr/lib/x86_64-linux-gnu/libstdc++.so.6.0.19
7f3abbb7c000-7f3abbd7b000 ---p 000e6000 08:02 10751540                   /usr/lib/x86_64-linux-gnu/libstdc++.so.6.0.19
7f3abbd7b000-7f3abbd83000 r--p 000e5000 08:02 10751540                   /usr/lib/x86_64-linux-gnu/libstdc++.so.6.0.19
7f3abbd83000-7f3abbd85000 rw-p 000ed000 08:02 10751540                   /usr/lib/x86_64-linux-gnu/libstdc++.so.6.0.19
7f3abbd85000-7f3abbd9a000 rw-p 00000000 00:00 0 
7f3abbd9a000-7f3abbdfc000 r-xp 00000000 08:02 11145024                   /usr/lib/x86_64-linux-gnu/mesa/libGL.so.1.2.0
7f3abbdfc000-7f3abbffb000 ---p 00062000 08:02 11145024                   /usr/lib/x86_64-linux-gnu/mesa/libGL.so.1.2.0
7f3abbffb000-7f3abbffe000 r--p 00061000 08:02 11145024                   /usr/lib/x86_64-linux-gnu/mesa/libGL.so.1.2.0
7f3abbffe000-7f3abbfff000 rw-p 00064000 08:02 11145024                   /usr/lib/x86_64-linux-gnu/mesa/libGL.so.1.2.0
7f3abbfff000-7f3abc000000 rw-p 00000000 00:00 0 
7f3abc000000-7f3abc021000 rw-p 00000000 00:00 0 
7f3abc021000-7f3ac0000000 ---p 00000000 00:00 0 
7f3ac0000000-7f3ac0001000 r--s 00000000 08:02 5509826                    /var/cache/fontconfig/0c9eb80ebd1c36541ebe2852d3bb0c49-le64.cache-4
7f3ac0001000-7f3ac000e000 r--s 00000000 08:02 5507092                    /var/cache/fontconfig/e13b20fdb08344e0e664864cc2ede53d-le64.cache-4
7f3ac000e000-7f3ac0012000 r--s 00000000 08:02 5524329                    /var/cache/fontconfig/7ef2298fde41cc6eeb7af42e48b7d293-le64.cache-4
7f3ac0012000-7f3ac0018000 r--s 00045000 08:02 2368790                    /home/david/.gradle/caches/modules-2/files-2.1/org.hamcrest/hamcrest-all/1.3/63a21ebc981131004ad02e0434e799fd7f3a8d5a/hamcrest-all-1.3.jar
7f3ac0018000-7f3ac001a000 r--s 00011000 08:02 2368788                    /home/david/.gradle/caches/modules-2/files-2.1/org.hamcrest/hamcrest-core/1.1/860340562250678d1a344907ac75754e259cdb14/hamcrest-core-1.1.jar
7f3ac001a000-7f3ac001d000 r--s 0000b000 08:02 2372674                    /home/david/.gradle/caches/modules-2/files-2.1/org.jfxtras/jfxtras-common/8.0-r5-SNAPSHOT/94dbc3b80d61d60174d845069e56d0a5d9d6011a/jfxtras-common-8.0-r5-SNAPSHOT.jar
7f3ac001d000-7f3ac003e000 r--s 00162000 08:02 2368786                    /home/david/.gradle/caches/modules-2/files-2.1/org.mockito/mockito-all/1.9.5/79a8984096fc6591c1e3690e07d41be506356fa5/mockito-all-1.9.5.jar
7f3ac003e000-7f3ac0045000 r--s 00037000 08:02 2368785                    /home/david/.gradle/caches/modules-2/files-2.1/junit/junit/4.10/e4f1766ce7404a08f45d859fb9c226fc9e41a861/junit-4.10.jar
7f3ac0045000-7f3ac0049000 r-xp 00000000 08:02 10757145                   /usr/lib/x86_64-linux-gnu/libXxf86vm.so.1.0.0
7f3ac0049000-7f3ac0249000 ---p 00004000 08:02 10757145                   /usr/lib/x86_64-linux-gnu/libXxf86vm.so.1.0.0
7f3ac0249000-7f3ac024a000 r--p 00004000 08:02 10757145                   /usr/lib/x86_64-linux-gnu/libXxf86vm.so.1.0.0
7f3ac024a000-7f3ac024b000 rw-p 00005000 08:02 10757145                   /usr/lib/x86_64-linux-gnu/libXxf86vm.so.1.0.0
7f3ac024b000-7f3ac037b000 r-xp 00000000 08:02 10757090                   /usr/lib/x86_64-linux-gnu/libX11.so.6.3.0
7f3ac037b000-7f3ac057b000 ---p 00130000 08:02 10757090                   /usr/lib/x86_64-linux-gnu/libX11.so.6.3.0
7f3ac057b000-7f3ac057c000 r--p 00130000 08:02 10757090                   /usr/lib/x86_64-linux-gnu/libX11.so.6.3.0
7f3ac057c000-7f3ac0580000 rw-p 00131000 08:02 10757090                   /usr/lib/x86_64-linux-gnu/libX11.so.6.3.0
7f3ac0580000-7f3ac0585000 r-xp 00000000 08:02 10757135                   /usr/lib/x86_64-linux-gnu/libXtst.so.6.1.0
7f3ac0585000-7f3ac0784000 ---p 00005000 08:02 10757135                   /usr/lib/x86_64-linux-gnu/libXtst.so.6.1.0
7f3ac0784000-7f3ac0785000 r--p 00004000 08:02 10757135                   /usr/lib/x86_64-linux-gnu/libXtst.so.6.1.0
7f3ac0785000-7f3ac0786000 rw-p 00005000 08:02 10757135                   /usr/lib/x86_64-linux-gnu/libXtst.so.6.1.0
7f3ac0786000-7f3ac088c000 r-xp 00000000 08:02 8783476                    /lib/x86_64-linux-gnu/libglib-2.0.so.0.4002.0
7f3ac088c000-7f3ac0a8b000 ---p 00106000 08:02 8783476                    /lib/x86_64-linux-gnu/libglib-2.0.so.0.4002.0
7f3ac0a8b000-7f3ac0a8c000 r--p 00105000 08:02 8783476                    /lib/x86_64-linux-gnu/libglib-2.0.so.0.4002.0
7f3ac0a8c000-7f3ac0a8d000 rw-p 00106000 08:02 8783476                    /lib/x86_64-linux-gnu/libglib-2.0.so.0.4002.0
7f3ac0a8d000-7f3ac0a8e000 rw-p 00000000 00:00 0 
7f3ac0a8e000-7f3ac0a8f000 r-xp 00000000 08:02 10759353                   /usr/lib/x86_64-linux-gnu/libgthread-2.0.so.0.4002.0
7f3ac0a8f000-7f3ac0c8e000 ---p 00001000 08:02 10759353                   /usr/lib/x86_64-linux-gnu/libgthread-2.0.so.0.4002.0
7f3ac0c8e000-7f3ac0c8f000 r--p 00000000 08:02 10759353                   /usr/lib/x86_64-linux-gnu/libgthread-2.0.so.0.4002.0
7f3ac0c8f000-7f3ac0c90000 rw-p 00001000 08:02 10759353                   /usr/lib/x86_64-linux-gnu/libgthread-2.0.so.0.4002.0
7f3ac0c90000-7f3ac0c93000 r-xp 00000000 08:02 10759350                   /usr/lib/x86_64-linux-gnu/libgmodule-2.0.so.0.4002.0
7f3ac0c93000-7f3ac0e92000 ---p 00003000 08:02 10759350                   /usr/lib/x86_64-linux-gnu/libgmodule-2.0.so.0.4002.0
7f3ac0e92000-7f3ac0e93000 r--p 00002000 08:02 10759350                   /usr/lib/x86_64-linux-gnu/libgmodule-2.0.so.0.4002.0
7f3ac0e93000-7f3ac0e94000 rw-p 00003000 08:02 10759350                   /usr/lib/x86_64-linux-gnu/libgmodule-2.0.so.0.4002.0
7f3ac0e94000-7f3ac0ee3000 r-xp 00000000 08:02 10759352                   /usr/lib/x86_64-linux-gnu/libgobject-2.0.so.0.4002.0
7f3ac0ee3000-7f3ac10e3000 ---p 0004f000 08:02 10759352                   /usr/lib/x86_64-linux-gnu/libgobject-2.0.so.0.4002.0
7f3ac10e3000-7f3ac10e4000 r--p 0004f000 08:02 10759352                   /usr/lib/x86_64-linux-gnu/libgobject-2.0.so.0.4002.0
7f3ac10e4000-7f3ac10e5000 rw-p 00050000 08:02 10759352                   /usr/lib/x86_64-linux-gnu/libgobject-2.0.so.0.4002.0
7f3ac10e5000-7f3ac111f000 r-xp 00000000 08:02 10751289                   /usr/lib/x86_64-linux-gnu/libfontconfig.so.1.8.0
7f3ac111f000-7f3ac131e000 ---p 0003a000 08:02 10751289                   /usr/lib/x86_64-linux-gnu/libfontconfig.so.1.8.0
7f3ac131e000-7f3ac1320000 r--p 00039000 08:02 10751289                   /usr/lib/x86_64-linux-gnu/libfontconfig.so.1.8.0
7f3ac1320000-7f3ac1321000 rw-p 0003b000 08:02 10751289                   /usr/lib/x86_64-linux-gnu/libfontconfig.so.1.8.0
7f3ac1321000-7f3ac13be000 r-xp 00000000 08:02 10748404                   /usr/lib/x86_64-linux-gnu/libfreetype.so.6.11.1
7f3ac13be000-7f3ac15bd000 ---p 0009d000 08:02 10748404                   /usr/lib/x86_64-linux-gnu/libfreetype.so.6.11.1
7f3ac15bd000-7f3ac15c3000 r--p 0009c000 08:02 10748404                   /usr/lib/x86_64-linux-gnu/libfreetype.so.6.11.1
7f3ac15c3000-7f3ac15c4000 rw-p 000a2000 08:02 10748404                   /usr/lib/x86_64-linux-gnu/libfreetype.so.6.11.1
7f3ac15c4000-7f3ac160e000 r-xp 00000000 08:02 10749923                   /usr/lib/x86_64-linux-gnu/libpango-1.0.so.0.3600.3
7f3ac160e000-7f3ac180e000 ---p 0004a000 08:02 10749923                   /usr/lib/x86_64-linux-gnu/libpango-1.0.so.0.3600.3
7f3ac180e000-7f3ac1810000 r--p 0004a000 08:02 10749923                   /usr/lib/x86_64-linux-gnu/libpango-1.0.so.0.3600.3
7f3ac1810000-7f3ac1811000 rw-p 0004c000 08:02 10749923                   /usr/lib/x86_64-linux-gnu/libpango-1.0.so.0.3600.3
7f3ac1811000-7f3ac1917000 r-xp 00000000 08:02 10749482                   /usr/lib/x86_64-linux-gnu/libcairo.so.2.11301.0
7f3ac1917000-7f3ac1b16000 ---p 00106000 08:02 10749482                   /usr/lib/x86_64-linux-gnu/libcairo.so.2.11301.0
7f3ac1b16000-7f3ac1b19000 r--p 00105000 08:02 10749482                   /usr/lib/x86_64-linux-gnu/libcairo.so.2.11301.0
7f3ac1b19000-7f3ac1b1a000 rw-p 00108000 08:02 10749482                   /usr/lib/x86_64-linux-gnu/libcairo.so.2.11301.0
7f3ac1b1a000-7f3ac1b1c000 rw-p 00000000 00:00 0 
7f3ac1b1c000-7f3ac1b27000 r-xp 00000000 08:02 10749917                   /usr/lib/x86_64-linux-gnu/libpangocairo-1.0.so.0.3600.3
7f3ac1b27000-7f3ac1d27000 ---p 0000b000 08:02 10749917                   /usr/lib/x86_64-linux-gnu/libpangocairo-1.0.so.0.3600.3
7f3ac1d27000-7f3ac1d28000 r--p 0000b000 08:02 10749917                   /usr/lib/x86_64-linux-gnu/libpangocairo-1.0.so.0.3600.3
7f3ac1d28000-7f3ac1d29000 rw-p 0000c000 08:02 10749917                   /usr/lib/x86_64-linux-gnu/libpangocairo-1.0.so.0.3600.3
7f3ac1d29000-7f3ac1d49000 r-xp 00000000 08:02 10748519                   /usr/lib/x86_64-linux-gnu/libgdk_pixbuf-2.0.so.0.3000.7
7f3ac1d49000-7f3ac1f48000 ---p 00020000 08:02 10748519                   /usr/lib/x86_64-linux-gnu/libgdk_pixbuf-2.0.so.0.3000.7
7f3ac1f48000-7f3ac1f49000 r--p 0001f000 08:02 10748519                   /usr/lib/x86_64-linux-gnu/libgdk_pixbuf-2.0.so.0.3000.7
7f3ac1f49000-7f3ac1f4a000 rw-p 00020000 08:02 10748519                   /usr/lib/x86_64-linux-gnu/libgdk_pixbuf-2.0.so.0.3000.7
7f3ac1f4a000-7f3ac1f5e000 r-xp 00000000 08:02 10749059                   /usr/lib/x86_64-linux-gnu/libpangoft2-1.0.so.0.3600.3
7f3ac1f5e000-7f3ac215d000 ---p 00014000 08:02 10749059                   /usr/lib/x86_64-linux-gnu/libpangoft2-1.0.so.0.3600.3
7f3ac215d000-7f3ac215e000 r--p 00013000 08:02 10749059                   /usr/lib/x86_64-linux-gnu/libpangoft2-1.0.so.0.3600.3
7f3ac215e000-7f3ac215f000 rw-p 00014000 08:02 10749059                   /usr/lib/x86_64-linux-gnu/libpangoft2-1.0.so.0.3600.3
7f3ac215f000-7f3ac22cb000 r-xp 00000000 08:02 10759354                   /usr/lib/x86_64-linux-gnu/libgio-2.0.so.0.4002.0
7f3ac22cb000-7f3ac24ca000 ---p 0016c000 08:02 10759354                   /usr/lib/x86_64-linux-gnu/libgio-2.0.so.0.4002.0
7f3ac24ca000-7f3ac24ce000 r--p 0016b000 08:02 10759354                   /usr/lib/x86_64-linux-gnu/libgio-2.0.so.0.4002.0
7f3ac24ce000-7f3ac24d0000 rw-p 0016f000 08:02 10759354                   /usr/lib/x86_64-linux-gnu/libgio-2.0.so.0.4002.0
7f3ac24d0000-7f3ac24d2000 rw-p 00000000 00:00 0 
7f3ac24d2000-7f3ac24f1000 r-xp 00000000 08:02 10757186                   /usr/lib/x86_64-linux-gnu/libatk-1.0.so.0.21009.1
7f3ac24f1000-7f3ac26f1000 ---p 0001f000 08:02 10757186                   /usr/lib/x86_64-linux-gnu/libatk-1.0.so.0.21009.1
7f3ac26f1000-7f3ac26f3000 r--p 0001f000 08:02 10757186                   /usr/lib/x86_64-linux-gnu/libatk-1.0.so.0.21009.1
7f3ac26f3000-7f3ac26f4000 rw-p 00021000 08:02 10757186                   /usr/lib/x86_64-linux-gnu/libatk-1.0.so.0.21009.1
7f3ac26f4000-7f3ac27a1000 r-xp 00000000 08:02 10752415                   /usr/lib/x86_64-linux-gnu/libgdk-x11-2.0.so.0.2400.23
7f3ac27a1000-7f3ac29a1000 ---p 000ad000 08:02 10752415                   /usr/lib/x86_64-linux-gnu/libgdk-x11-2.0.so.0.2400.23
7f3ac29a1000-7f3ac29a5000 r--p 000ad000 08:02 10752415                   /usr/lib/x86_64-linux-gnu/libgdk-x11-2.0.so.0.2400.23
7f3ac29a5000-7f3ac29a7000 rw-p 000b1000 08:02 10752415                   /usr/lib/x86_64-linux-gnu/libgdk-x11-2.0.so.0.2400.23
7f3ac29a7000-7f3ac2dd7000 r-xp 00000000 08:02 10752416                   /usr/lib/x86_64-linux-gnu/libgtk-x11-2.0.so.0.2400.23
7f3ac2dd7000-7f3ac2fd6000 ---p 00430000 08:02 10752416                   /usr/lib/x86_64-linux-gnu/libgtk-x11-2.0.so.0.2400.23
7f3ac2fd6000-7f3ac2fdd000 r--p 0042f000 08:02 10752416                   /usr/lib/x86_64-linux-gnu/libgtk-x11-2.0.so.0.2400.23
7f3ac2fdd000-7f3ac2fe1000 rw-p 00436000 08:02 10752416                   /usr/lib/x86_64-linux-gnu/libgtk-x11-2.0.so.0.2400.23
7f3ac2fe1000-7f3ac2fe4000 rw-p 00000000 00:00 0 
7f3ac2fe4000-7f3ac2ff0000 r-xp 00000000 08:02 12590952                   /usr/lib/jvm/java-8-oracle/jre/lib/amd64/libprism_es2.so
7f3ac2ff0000-7f3ac31ef000 ---p 0000c000 08:02 12590952                   /usr/lib/jvm/java-8-oracle/jre/lib/amd64/libprism_es2.so
7f3ac31ef000-7f3ac31f0000 rw-p 0000b000 08:02 12590952                   /usr/lib/jvm/java-8-oracle/jre/lib/amd64/libprism_es2.so
7f3ac31f0000-7f3ac31f3000 ---p 00000000 00:00 0 
7f3ac31f3000-7f3ac32f1000 rw-p 00000000 00:00 0 
7f3ac32f1000-7f3ac32f2000 ---p 00000000 00:00 0 
7f3ac32f2000-7f3ac33f2000 rw-p 00000000 00:00 0                          [stack:4933]
7f3ac33f2000-7f3ac33f5000 ---p 00000000 00:00 0 
7f3ac33f5000-7f3ac34f3000 rw-p 00000000 00:00 0                          [stack:4932]
7f3ac34f3000-7f3ac34f6000 ---p 00000000 00:00 0 
7f3ac34f6000-7f3ac35f4000 rw-p 00000000 00:00 0                          [stack:4931]
7f3ac35f4000-7f3ac35f7000 ---p 00000000 00:00 0 
7f3ac35f7000-7f3ac36f5000 rw-p 00000000 00:00 0                          [stack:4930]
7f3ac36f5000-7f3ac36f8000 ---p 00000000 00:00 0 
7f3ac36f8000-7f3ac37f6000 rw-p 00000000 00:00 0                          [stack:4929]
7f3ac37f6000-7f3ac37f9000 ---p 00000000 00:00 0 
7f3ac37f9000-7f3ac38f7000 rw-p 00000000 00:00 0                          [stack:4928]
7f3ac38f7000-7f3ac38fa000 ---p 00000000 00:00 0 
7f3ac38fa000-7f3ac39f8000 rw-p 00000000 00:00 0                          [stack:4924]
7f3ac39f8000-7f3ac39fb000 ---p 00000000 00:00 0 
7f3ac39fb000-7f3ac3af9000 rw-p 00000000 00:00 0                          [stack:4923]
7f3ac3af9000-7f3ac3afc000 ---p 00000000 00:00 0 
7f3ac3afc000-7f3ac3bfa000 rw-p 00000000 00:00 0                          [stack:4920]
7f3ac3bfa000-7f3ac3bfe000 r-xp 00000000 08:02 12590930                   /usr/lib/jvm/java-8-oracle/jre/lib/amd64/libdt_socket.so
7f3ac3bfe000-7f3ac3dfd000 ---p 00004000 08:02 12590930                   /usr/lib/jvm/java-8-oracle/jre/lib/amd64/libdt_socket.so
7f3ac3dfd000-7f3ac3dfe000 rw-p 00003000 08:02 12590930                   /usr/lib/jvm/java-8-oracle/jre/lib/amd64/libdt_socket.so
7f3ac3dfe000-7f3ac3e01000 ---p 00000000 00:00 0 
7f3ac3e01000-7f3ac3eff000 rw-p 00000000 00:00 0                          [stack:4918]
7f3ac3eff000-7f3ac3f02000 ---p 00000000 00:00 0 
7f3ac3f02000-7f3ac4000000 rw-p 00000000 00:00 0                          [stack:4917]
7f3ac4000000-7f3ac4021000 rw-p 00000000 00:00 0 
7f3ac4021000-7f3ac8000000 ---p 00000000 00:00 0 
7f3ac8000000-7f3ac8007000 r--s 0003b000 08:02 2368807                    /home/david/.gradle/caches/modules-2/files-2.1/org.jfxtras/jfxtras-controls/8.0-r5-SNAPSHOT/5c388e0b9a6874f38ba2e7bfa0519a5ec06f1de2/jfxtras-controls-8.0-r5-SNAPSHOT.jar
7f3ac8007000-7f3ac800f000 rw-s 00000000 00:04 64554                      /drm mm object (deleted)
7f3ac800f000-7f3ac8051000 r--p 00000000 08:02 11666817                   /usr/share/glib-2.0/schemas/gschemas.compiled
7f3ac8051000-7f3ac80e6000 r--s 01103000 08:02 12584926                   /usr/lib/jvm/java-8-oracle/jre/lib/ext/jfxrt.jar
7f3ac80e6000-7f3ac80e9000 ---p 00000000 00:00 0 
7f3ac80e9000-7f3ac81e7000 rw-p 00000000 00:00 0                          [stack:4916]
7f3ac81e7000-7f3ac81e8000 ---p 00000000 00:00 0 
7f3ac81e8000-7f3ac9f2c000 rw-p 00000000 00:00 0                          [stack:4915]
7f3ac9f2c000-7f3aca105000 r--s 03d1f000 08:02 12590998                   /usr/lib/jvm/java-8-oracle/jre/lib/rt.jar
7f3aca105000-7f3acb967000 rw-p 00000000 00:00 0 
7f3acb967000-7f3acb968000 ---p 00000000 00:00 0 
7f3acb968000-7f3acba68000 rw-p 00000000 00:00 0                          [stack:4914]
7f3acba68000-7f3acba69000 ---p 00000000 00:00 0 
7f3acba69000-7f3acbb69000 rw-p 00000000 00:00 0                          [stack:4913]
7f3acbb69000-7f3acbb6a000 ---p 00000000 00:00 0 
7f3acbb6a000-7f3acbc6a000 rw-p 00000000 00:00 0                          [stack:4912]
7f3acbc6a000-7f3acbc6b000 ---p 00000000 00:00 0 
7f3acbc6b000-7f3acbd6b000 rw-p 00000000 00:00 0                          [stack:4911]
7f3acbd6b000-7f3acbd6c000 ---p 00000000 00:00 0 
7f3acbd6c000-7f3acbe6c000 rw-p 00000000 00:00 0                          [stack:4910]
7f3acbe6c000-7f3acbe6d000 ---p 00000000 00:00 0 
7f3acbe6d000-7f3acbf6d000 rw-p 00000000 00:00 0                          [stack:4909]
7f3acbf6d000-7f3acbf6e000 ---p 00000000 00:00 0 
7f3acbf6e000-7f3acc115000 rw-p 00000000 00:00 0                          [stack:4908]
7f3acc115000-7f3accace000 ---p 00000000 00:00 0 
7f3accace000-7f3accb22000 rw-p 00000000 00:00 0 
7f3accb22000-7f3accfff000 ---p 00000000 00:00 0 
7f3accfff000-7f3acd000000 rw-p 00000000 00:00 0 
7f3acd000000-7f3acd430000 rwxp 00000000 00:00 0 
7f3acd430000-7f3adc000000 ---p 00000000 00:00 0 
7f3adc000000-7f3adc449000 rw-p 00000000 00:00 0 
7f3adc449000-7f3ae0000000 ---p 00000000 00:00 0 
7f3ae0000000-7f3ae0001000 r--s 00000000 08:02 547603                     /home/david/.cache/fontconfig/81621be4a8edfaff574d4778a62b94b8-le64.cache-4
7f3ae0001000-7f3ae0002000 r--s 00000000 08:02 2372672                    /home/david/.gradle/caches/modules-2/files-2.1/org.jfxtras/jfxtras-fxml/8.0-r5-SNAPSHOT/78b13f16c71ca33bd2ce0c629b6997ec937811f8/jfxtras-fxml-8.0-r5-SNAPSHOT.jar
7f3ae0002000-7f3ae000a000 rw-s 00000000 00:04 64553                      /drm mm object (deleted)
7f3ae000a000-7f3ae0059000 rw-p 00000000 00:00 0 
7f3ae0059000-7f3ae005a000 ---p 00000000 00:00 0 
7f3ae005a000-7f3ae0201000 rw-p 00000000 00:00 0                          [stack:4907]
7f3ae0201000-7f3ae0bbb000 ---p 00000000 00:00 0 
7f3ae0bbb000-7f3ae0bcc000 rw-p 00000000 00:00 0 
7f3ae0bcc000-7f3ae0f7b000 ---p 00000000 00:00 0 
7f3ae0f7b000-7f3ae0f95000 r-xp 00000000 08:02 12589439                   /usr/lib/jvm/java-8-oracle/jre/lib/amd64/libzip.so
7f3ae0f95000-7f3ae1195000 ---p 0001a000 08:02 12589439                   /usr/lib/jvm/java-8-oracle/jre/lib/amd64/libzip.so
7f3ae1195000-7f3ae1196000 rw-p 0001a000 08:02 12589439                   /usr/lib/jvm/java-8-oracle/jre/lib/amd64/libzip.so
7f3ae1196000-7f3ae11a0000 r-xp 00000000 08:02 8791178                    /lib/x86_64-linux-gnu/libnss_files-2.19.so
7f3ae11a0000-7f3ae139f000 ---p 0000a000 08:02 8791178                    /lib/x86_64-linux-gnu/libnss_files-2.19.so
7f3ae139f000-7f3ae13a0000 r--p 00009000 08:02 8791178                    /lib/x86_64-linux-gnu/libnss_files-2.19.so
7f3ae13a0000-7f3ae13a1000 rw-p 0000a000 08:02 8791178                    /lib/x86_64-linux-gnu/libnss_files-2.19.so
7f3ae13a1000-7f3ae13ac000 r-xp 00000000 08:02 8789188                    /lib/x86_64-linux-gnu/libnss_nis-2.19.so
7f3ae13ac000-7f3ae15ab000 ---p 0000b000 08:02 8789188                    /lib/x86_64-linux-gnu/libnss_nis-2.19.so
7f3ae15ab000-7f3ae15ac000 r--p 0000a000 08:02 8789188                    /lib/x86_64-linux-gnu/libnss_nis-2.19.so
7f3ae15ac000-7f3ae15ad000 rw-p 0000b000 08:02 8789188                    /lib/x86_64-linux-gnu/libnss_nis-2.19.so
7f3ae15ad000-7f3ae15c4000 r-xp 00000000 08:02 8789172                    /lib/x86_64-linux-gnu/libnsl-2.19.so
7f3ae15c4000-7f3ae17c3000 ---p 00017000 08:02 8789172                    /lib/x86_64-linux-gnu/libnsl-2.19.so
7f3ae17c3000-7f3ae17c4000 r--p 00016000 08:02 8789172                    /lib/x86_64-linux-gnu/libnsl-2.19.so
7f3ae17c4000-7f3ae17c5000 rw-p 00017000 08:02 8789172                    /lib/x86_64-linux-gnu/libnsl-2.19.so
7f3ae17c5000-7f3ae17c7000 rw-p 00000000 00:00 0 
7f3ae17c7000-7f3ae17d0000 r-xp 00000000 08:02 8789170                    /lib/x86_64-linux-gnu/libnss_compat-2.19.so
7f3ae17d0000-7f3ae19cf000 ---p 00009000 08:02 8789170                    /lib/x86_64-linux-gnu/libnss_compat-2.19.so
7f3ae19cf000-7f3ae19d0000 r--p 00008000 08:02 8789170                    /lib/x86_64-linux-gnu/libnss_compat-2.19.so
7f3ae19d0000-7f3ae19d1000 rw-p 00009000 08:02 8789170                    /lib/x86_64-linux-gnu/libnss_compat-2.19.so
7f3ae19d1000-7f3ae20b3000 r--p 00000000 08:02 10756046                   /usr/lib/locale/locale-archive
7f3ae20b3000-7f3ae20b5000 r-xp 00000000 08:02 12590938                   /usr/lib/jvm/java-8-oracle/jre/lib/amd64/libnpt.so
7f3ae20b5000-7f3ae22b5000 ---p 00002000 08:02 12590938                   /usr/lib/jvm/java-8-oracle/jre/lib/amd64/libnpt.so
7f3ae22b5000-7f3ae22b6000 rw-p 00002000 08:02 12590938                   /usr/lib/jvm/java-8-oracle/jre/lib/amd64/libnpt.so
7f3ae22b6000-7f3ae22ef000 r-xp 00000000 08:02 12590919                   /usr/lib/jvm/java-8-oracle/jre/lib/amd64/libjdwp.so
7f3ae22ef000-7f3ae24ee000 ---p 00039000 08:02 12590919                   /usr/lib/jvm/java-8-oracle/jre/lib/amd64/libjdwp.so
7f3ae24ee000-7f3ae24f0000 rw-p 00038000 08:02 12590919                   /usr/lib/jvm/java-8-oracle/jre/lib/amd64/libjdwp.so
7f3ae24f0000-7f3ae251a000 r-xp 00000000 08:02 12589467                   /usr/lib/jvm/java-8-oracle/jre/lib/amd64/libjava.so
7f3ae251a000-7f3ae271a000 ---p 0002a000 08:02 12589467                   /usr/lib/jvm/java-8-oracle/jre/lib/amd64/libjava.so
7f3ae271a000-7f3ae271c000 rw-p 0002a000 08:02 12589467                   /usr/lib/jvm/java-8-oracle/jre/lib/amd64/libjava.so
7f3ae271c000-7f3ae2729000 r-xp 00000000 08:02 12590917                   /usr/lib/jvm/java-8-oracle/jre/lib/amd64/libverify.so
7f3ae2729000-7f3ae2929000 ---p 0000d000 08:02 12590917                   /usr/lib/jvm/java-8-oracle/jre/lib/amd64/libverify.so
7f3ae2929000-7f3ae292b000 rw-p 0000d000 08:02 12590917                   /usr/lib/jvm/java-8-oracle/jre/lib/amd64/libverify.so
7f3ae292b000-7f3ae2932000 r-xp 00000000 08:02 8789204                    /lib/x86_64-linux-gnu/librt-2.19.so
7f3ae2932000-7f3ae2b31000 ---p 00007000 08:02 8789204                    /lib/x86_64-linux-gnu/librt-2.19.so
7f3ae2b31000-7f3ae2b32000 r--p 00006000 08:02 8789204                    /lib/x86_64-linux-gnu/librt-2.19.so
7f3ae2b32000-7f3ae2b33000 rw-p 00007000 08:02 8789204                    /lib/x86_64-linux-gnu/librt-2.19.so
7f3ae2b33000-7f3ae2c38000 r-xp 00000000 08:02 8789161                    /lib/x86_64-linux-gnu/libm-2.19.so
7f3ae2c38000-7f3ae2e37000 ---p 00105000 08:02 8789161                    /lib/x86_64-linux-gnu/libm-2.19.so
7f3ae2e37000-7f3ae2e38000 r--p 00104000 08:02 8789161                    /lib/x86_64-linux-gnu/libm-2.19.so
7f3ae2e38000-7f3ae2e39000 rw-p 00105000 08:02 8789161                    /lib/x86_64-linux-gnu/libm-2.19.so
7f3ae2e39000-7f3ae3af9000 r-xp 00000000 08:02 12590947                   /usr/lib/jvm/java-8-oracle/jre/lib/amd64/server/libjvm.so
7f3ae3af9000-7f3ae3cf9000 ---p 00cc0000 08:02 12590947                   /usr/lib/jvm/java-8-oracle/jre/lib/amd64/server/libjvm.so
7f3ae3cf9000-7f3ae3dd1000 rw-p 00cc0000 08:02 12590947                   /usr/lib/jvm/java-8-oracle/jre/lib/amd64/server/libjvm.so
7f3ae3dd1000-7f3ae3e1c000 rw-p 00000000 00:00 0 
7f3ae3e1c000-7f3ae3fd6000 r-xp 00000000 08:02 8789208                    /lib/x86_64-linux-gnu/libc-2.19.so
7f3ae3fd6000-7f3ae41d6000 ---p 001ba000 08:02 8789208                    /lib/x86_64-linux-gnu/libc-2.19.so
7f3ae41d6000-7f3ae41da000 r--p 001ba000 08:02 8789208                    /lib/x86_64-linux-gnu/libc-2.19.so
7f3ae41da000-7f3ae41dc000 rw-p 001be000 08:02 8789208                    /lib/x86_64-linux-gnu/libc-2.19.so
7f3ae41dc000-7f3ae41e1000 rw-p 00000000 00:00 0 
7f3ae41e1000-7f3ae41e4000 r-xp 00000000 08:02 8789164                    /lib/x86_64-linux-gnu/libdl-2.19.so
7f3ae41e4000-7f3ae43e3000 ---p 00003000 08:02 8789164                    /lib/x86_64-linux-gnu/libdl-2.19.so
7f3ae43e3000-7f3ae43e4000 r--p 00002000 08:02 8789164                    /lib/x86_64-linux-gnu/libdl-2.19.so
7f3ae43e4000-7f3ae43e5000 rw-p 00003000 08:02 8789164                    /lib/x86_64-linux-gnu/libdl-2.19.so
7f3ae43e5000-7f3ae43fa000 r-xp 00000000 08:02 12594397                   /usr/lib/jvm/java-8-oracle/lib/amd64/jli/libjli.so
7f3ae43fa000-7f3ae45fa000 ---p 00015000 08:02 12594397                   /usr/lib/jvm/java-8-oracle/lib/amd64/jli/libjli.so
7f3ae45fa000-7f3ae45fb000 rw-p 00015000 08:02 12594397                   /usr/lib/jvm/java-8-oracle/lib/amd64/jli/libjli.so
7f3ae45fb000-7f3ae4614000 r-xp 00000000 08:02 8789176                    /lib/x86_64-linux-gnu/libpthread-2.19.so
7f3ae4614000-7f3ae4813000 ---p 00019000 08:02 8789176                    /lib/x86_64-linux-gnu/libpthread-2.19.so
7f3ae4813000-7f3ae4814000 r--p 00018000 08:02 8789176                    /lib/x86_64-linux-gnu/libpthread-2.19.so
7f3ae4814000-7f3ae4815000 rw-p 00019000 08:02 8789176                    /lib/x86_64-linux-gnu/libpthread-2.19.so
7f3ae4815000-7f3ae4819000 rw-p 00000000 00:00 0 
7f3ae4819000-7f3ae483c000 r-xp 00000000 08:02 8789180                    /lib/x86_64-linux-gnu/ld-2.19.so
7f3ae483c000-7f3ae483d000 r--s 00003000 08:02 2368821                    /home/david/.gradle/caches/modules-2/files-2.1/org.jfxtras/jfxtras-test-support/8.0-r5-SNAPSHOT/9edee9d0791d15d5820a4d599b518955e99dbb7c/jfxtras-test-support-8.0-r5-SNAPSHOT.jar
7f3ae483d000-7f3ae4842000 r--s 00031000 08:02 2368813                    /home/david/.gradle/caches/modules-2/files-2.1/org.jfxtras/jfxtras-agenda/8.0-r5-SNAPSHOT/a0503199852397ec37c754cae1337087b46f1880/jfxtras-agenda-8.0-r5-SNAPSHOT.jar
7f3ae4842000-7f3ae484a000 rw-s 00000000 00:04 64549                      /drm mm object (deleted)
7f3ae484a000-7f3ae490e000 rw-p 00000000 00:00 0 
7f3ae490e000-7f3ae4911000 ---p 00000000 00:00 0 
7f3ae4911000-7f3ae4a13000 rw-p 00000000 00:00 0                          [stack:4905]
7f3ae4a13000-7f3ae4a15000 r--s 0000e000 08:02 2368787                    /home/david/.gradle/caches/modules-2/files-2.1/org.loadui/testFx/3.1.2/d2e14de732df7b97f6eb2896eb2a432df4d6852c/testFx-3.1.2.jar
7f3ae4a15000-7f3ae4a16000 rw-s 00000000 00:04 64550                      /drm mm object (deleted)
7f3ae4a16000-7f3ae4a1d000 r--p 00000000 08:02 547303                     /home/david/.config/dconf/user
7f3ae4a1d000-7f3ae4a1e000 r--s 00000000 00:16 22543                      /run/user/1000/dconf/user
7f3ae4a1e000-7f3ae4a26000 rw-s 00000000 00:04 60869                      /drm mm object (deleted)
7f3ae4a26000-7f3ae4a27000 rw-s 00000000 00:04 60866                      /drm mm object (deleted)
7f3ae4a27000-7f3ae4a2f000 rw-s 00000000 00:04 60865                      /drm mm object (deleted)
7f3ae4a2f000-7f3ae4a37000 rw-s 00000000 08:02 2372994                    /tmp/hsperfdata_david/4900
7f3ae4a37000-7f3ae4a38000 rw-p 00000000 00:00 0 
7f3ae4a38000-7f3ae4a39000 r--p 00000000 00:00 0 
7f3ae4a39000-7f3ae4a3b000 rw-p 00000000 00:00 0 
7f3ae4a3b000-7f3ae4a3c000 r--p 00022000 08:02 8789180                    /lib/x86_64-linux-gnu/ld-2.19.so
7f3ae4a3c000-7f3ae4a3d000 rw-p 00023000 08:02 8789180                    /lib/x86_64-linux-gnu/ld-2.19.so
7f3ae4a3d000-7f3ae4a3e000 rw-p 00000000 00:00 0 
7ffc3cec1000-7ffc3cee3000 rw-p 00000000 00:00 0                          [stack]
7ffc3cfb3000-7ffc3cfb5000 r-xp 00000000 00:00 0                          [vdso]
ffffffffff600000-ffffffffff601000 r-xp 00000000 00:00 0                  [vsyscall]

VM Arguments:
jvm_args: -agentlib:jdwp=transport=dt_socket,suspend=y,address=localhost:52060 -Dfile.encoding=UTF-8 
java_command: jfxtras.labs.icalendaragenda.trial.ICalendarAgendaTrial2
java_class_path (initial): /home/david/workspace/jfxtras-labs/bin:/home/david/.gradle/caches/modules-2/files-2.1/org.jfxtras/jfxtras-controls/8.0-r5-SNAPSHOT/5c388e0b9a6874f38ba2e7bfa0519a5ec06f1de2/jfxtras-controls-8.0-r5-SNAPSHOT.jar:/home/david/.gradle/caches/modules-2/files-2.1/org.jfxtras/jfxtras-agenda/8.0-r5-SNAPSHOT/a0503199852397ec37c754cae1337087b46f1880/jfxtras-agenda-8.0-r5-SNAPSHOT.jar:/home/david/.gradle/caches/modules-2/files-2.1/junit/junit/4.10/e4f1766ce7404a08f45d859fb9c226fc9e41a861/junit-4.10.jar:/home/david/.gradle/caches/modules-2/files-2.1/org.mockito/mockito-all/1.9.5/79a8984096fc6591c1e3690e07d41be506356fa5/mockito-all-1.9.5.jar:/home/david/.gradle/caches/modules-2/files-2.1/org.loadui/testFx/3.1.2/d2e14de732df7b97f6eb2896eb2a432df4d6852c/testFx-3.1.2.jar:/home/david/.gradle/caches/modules-2/files-2.1/org.jfxtras/jfxtras-test-support/8.0-r5-SNAPSHOT/9edee9d0791d15d5820a4d599b518955e99dbb7c/jfxtras-test-support-8.0-r5-SNAPSHOT.jar:/home/david/.gradle/caches/modules-2/files-2.1/org.jfxtras/jfxtras-fxml/8.0-r5-SNAPSHOT/78b13f16c71ca33bd2ce0c629b6997ec937811f8/jfxtras-fxml-8.0-r5-SNAPSHOT.jar:/home/david/.gradle/caches/modules-2/files-2.1/org.jfxtras/jfxtras-common/8.0-r5-SNAPSHOT/94dbc3b80d61d60174d845069e56d0a5d9d6011a/jfxtras-common-8.0-r5-SNAPSHOT.jar:/home/david/.gradle/caches/modules-2/files-2.1/org.hamcrest/hamcrest-core/1.1/860340562250678d1a344907ac75754e259cdb14/hamcrest-core-1.1.jar:/home/david/.gradle/caches/modules-2/files-2.1/com.google.guava/guava/14.0.1/69e12f4c6aeac392555f1ea86fab82b5e5e31ad4/guava-14.0.1.jar:/home/david/.gradle/caches/modules-2/files-2.1/org.hamcrest/hamcrest-all/1.3/63a21ebc981131004ad02e0434e799fd7f3a8d5a/hamcrest-all-1.3.jar
Launcher Type: SUN_STANDARD

Environment Variables:
JAVA_HOME=/usr/lib/jvm/java-8-oracle
PATH=/opt/intel/composer_xe_2013_sp1.3.174/bin/intel64:/opt/intel/composer_xe_2013_sp1.3.174/mpirt/bin/intel64:/opt/intel/composer_xe_2013_sp1.3.174/debugger/gdb/intel64_mic/py27/bin:/opt/intel/composer_xe_2013_sp1.3.174/debugger/gdb/intel64/py27/bin:/opt/intel/composer_xe_2013_sp1.3.174/bin/intel64:/opt/intel/composer_xe_2013_sp1.3.174/bin/intel64_mic:/opt/intel/composer_xe_2013_sp1.3.174/debugger/gui/intel64:/usr/local/sbin:/usr/local/bin:/usr/sbin:/usr/bin:/sbin:/bin:/usr/games:/usr/local/games:/usr/lib/jvm/java-8-oracle/bin:/usr/lib/jvm/java-8-oracle/db/bin:/usr/lib/jvm/java-8-oracle/jre/bin
LD_LIBRARY_PATH=/opt/intel/composer_xe_2013_sp1.3.174/compiler/lib/intel64:/opt/intel/composer_xe_2013_sp1.3.174/mpirt/lib/intel64:/opt/intel/composer_xe_2013_sp1.3.174/ipp/../compiler/lib/intel64:/opt/intel/composer_xe_2013_sp1.3.174/ipp/lib/intel64:/opt/intel/composer_xe_2013_sp1.3.174/compiler/lib/intel64:/opt/intel/composer_xe_2013_sp1.3.174/mkl/lib/intel64:/opt/intel/composer_xe_2013_sp1.3.174/tbb/lib/intel64/gcc4.4
SHELL=/bin/bash
DISPLAY=:0.0

Signal Handlers:
SIGSEGV: [libjvm.so+0xabca10], sa_mask[0]=11111111011111111101111111111110, sa_flags=SA_RESTART|SA_SIGINFO
SIGBUS: [libjvm.so+0xabca10], sa_mask[0]=11111111011111111101111111111110, sa_flags=SA_RESTART|SA_SIGINFO
SIGFPE: [libjvm.so+0x919a20], sa_mask[0]=11111111011111111101111111111110, sa_flags=SA_RESTART|SA_SIGINFO
SIGPIPE: SIG_IGN, sa_mask[0]=00000000000010000000000000000000, sa_flags=SA_RESTART
SIGXFSZ: [libjvm.so+0x919a20], sa_mask[0]=11111111011111111101111111111110, sa_flags=SA_RESTART|SA_SIGINFO
SIGILL: [libjvm.so+0x919a20], sa_mask[0]=11111111011111111101111111111110, sa_flags=SA_RESTART|SA_SIGINFO
SIGUSR1: SIG_DFL, sa_mask[0]=00000000000000000000000000000000, sa_flags=none
SIGUSR2: [libjvm.so+0x91b050], sa_mask[0]=00100000000000000000000000000000, sa_flags=SA_RESTART|SA_SIGINFO
SIGHUP: [libjvm.so+0x91c450], sa_mask[0]=11111111011111111101111111111110, sa_flags=SA_RESTART|SA_SIGINFO
SIGINT: [libjvm.so+0x91c450], sa_mask[0]=11111111011111111101111111111110, sa_flags=SA_RESTART|SA_SIGINFO
SIGTERM: [libjvm.so+0x91c450], sa_mask[0]=11111111011111111101111111111110, sa_flags=SA_RESTART|SA_SIGINFO
SIGQUIT: [libjvm.so+0x91c450], sa_mask[0]=11111111011111111101111111111110, sa_flags=SA_RESTART|SA_SIGINFO


---------------  S Y S T E M  ---------------

OS:DISTRIB_ID=Ubuntu
DISTRIB_RELEASE=14.04
DISTRIB_CODENAME=trusty
DISTRIB_DESCRIPTION="Ubuntu 14.04.4 LTS"

uname:Linux 3.13.0-86-generic #131-Ubuntu SMP Thu May 12 23:33:13 UTC 2016 x86_64
libc:glibc 2.19 NPTL 2.19 
rlimit: STACK 8192k, CORE 0k, NPROC 253132, NOFILE 4096, AS infinity
load average:0.46 0.34 0.34

/proc/meminfo:
MemTotal:       32638716 kB
MemFree:        26324624 kB
Buffers:          148628 kB
Cached:          2268388 kB
SwapCached:            0 kB
Active:          4027188 kB
Inactive:        1873472 kB
Active(anon):    3486468 kB
Inactive(anon):   970900 kB
Active(file):     540720 kB
Inactive(file):   902572 kB
Unevictable:         104 kB
Mlocked:             104 kB
SwapTotal:       4122620 kB
SwapFree:        4122620 kB
Dirty:               156 kB
Writeback:            28 kB
AnonPages:       3483548 kB
Mapped:           551452 kB
Shmem:            974020 kB
Slab:             128888 kB
SReclaimable:      83540 kB
SUnreclaim:        45348 kB
KernelStack:        6384 kB
PageTables:        50564 kB
NFS_Unstable:          0 kB
Bounce:                0 kB
WritebackTmp:          0 kB
CommitLimit:    20441976 kB
Committed_AS:   11060316 kB
VmallocTotal:   34359738367 kB
VmallocUsed:      466568 kB
VmallocChunk:   34359262932 kB
HardwareCorrupted:     0 kB
AnonHugePages:   1925120 kB
HugePages_Total:       0
HugePages_Free:        0
HugePages_Rsvd:        0
HugePages_Surp:        0
Hugepagesize:       2048 kB
DirectMap4k:       72740 kB
DirectMap2M:     3807232 kB
DirectMap1G:    29360128 kB


CPU:total 8 (4 cores per cpu, 2 threads per core) family 6 model 60 stepping 3, cmov, cx8, fxsr, mmx, sse, sse2, sse3, ssse3, sse4.1, sse4.2, popcnt, avx, avx2, aes, clmul, erms, rtm, lzcnt, ht, tsc, tscinvbit, bmi1, bmi2

/proc/cpuinfo:
processor	: 0
vendor_id	: GenuineIntel
cpu family	: 6
model		: 60
model name	: Intel(R) Core(TM) i7-4790K CPU @ 4.00GHz
stepping	: 3
microcode	: 0x19
cpu MHz		: 4001.000
cache size	: 8192 KB
physical id	: 0
siblings	: 8
core id		: 0
cpu cores	: 4
apicid		: 0
initial apicid	: 0
fpu		: yes
fpu_exception	: yes
cpuid level	: 13
wp		: yes
flags		: fpu vme de pse tsc msr pae mce cx8 apic sep mtrr pge mca cmov pat pse36 clflush dts acpi mmx fxsr sse sse2 ss ht tm pbe syscall nx pdpe1gb rdtscp lm constant_tsc arch_perfmon pebs bts rep_good nopl xtopology nonstop_tsc aperfmperf eagerfpu pni pclmulqdq dtes64 monitor ds_cpl vmx est tm2 ssse3 fma cx16 xtpr pdcm pcid sse4_1 sse4_2 x2apic movbe popcnt tsc_deadline_timer aes xsave avx f16c rdrand lahf_lm abm ida arat xsaveopt pln pts dtherm tpr_shadow vnmi flexpriority ept vpid fsgsbase tsc_adjust bmi1 hle avx2 smep bmi2 erms invpcid rtm
bogomips	: 7981.97
clflush size	: 64
cache_alignment	: 64
address sizes	: 39 bits physical, 48 bits virtual
power management:

processor	: 1
vendor_id	: GenuineIntel
cpu family	: 6
model		: 60
model name	: Intel(R) Core(TM) i7-4790K CPU @ 4.00GHz
stepping	: 3
microcode	: 0x19
cpu MHz		: 2200.000
cache size	: 8192 KB
physical id	: 0
siblings	: 8
core id		: 1
cpu cores	: 4
apicid		: 2
initial apicid	: 2
fpu		: yes
fpu_exception	: yes
cpuid level	: 13
wp		: yes
flags		: fpu vme de pse tsc msr pae mce cx8 apic sep mtrr pge mca cmov pat pse36 clflush dts acpi mmx fxsr sse sse2 ss ht tm pbe syscall nx pdpe1gb rdtscp lm constant_tsc arch_perfmon pebs bts rep_good nopl xtopology nonstop_tsc aperfmperf eagerfpu pni pclmulqdq dtes64 monitor ds_cpl vmx est tm2 ssse3 fma cx16 xtpr pdcm pcid sse4_1 sse4_2 x2apic movbe popcnt tsc_deadline_timer aes xsave avx f16c rdrand lahf_lm abm ida arat xsaveopt pln pts dtherm tpr_shadow vnmi flexpriority ept vpid fsgsbase tsc_adjust bmi1 hle avx2 smep bmi2 erms invpcid rtm
bogomips	: 7981.97
clflush size	: 64
cache_alignment	: 64
address sizes	: 39 bits physical, 48 bits virtual
power management:

processor	: 2
vendor_id	: GenuineIntel
cpu family	: 6
model		: 60
model name	: Intel(R) Core(TM) i7-4790K CPU @ 4.00GHz
stepping	: 3
microcode	: 0x19
cpu MHz		: 800.000
cache size	: 8192 KB
physical id	: 0
siblings	: 8
core id		: 2
cpu cores	: 4
apicid		: 4
initial apicid	: 4
fpu		: yes
fpu_exception	: yes
cpuid level	: 13
wp		: yes
flags		: fpu vme de pse tsc msr pae mce cx8 apic sep mtrr pge mca cmov pat pse36 clflush dts acpi mmx fxsr sse sse2 ss ht tm pbe syscall nx pdpe1gb rdtscp lm constant_tsc arch_perfmon pebs bts rep_good nopl xtopology nonstop_tsc aperfmperf eagerfpu pni pclmulqdq dtes64 monitor ds_cpl vmx est tm2 ssse3 fma cx16 xtpr pdcm pcid sse4_1 sse4_2 x2apic movbe popcnt tsc_deadline_timer aes xsave avx f16c rdrand lahf_lm abm ida arat xsaveopt pln pts dtherm tpr_shadow vnmi flexpriority ept vpid fsgsbase tsc_adjust bmi1 hle avx2 smep bmi2 erms invpcid rtm
bogomips	: 7981.97
clflush size	: 64
cache_alignment	: 64
address sizes	: 39 bits physical, 48 bits virtual
power management:

processor	: 3
vendor_id	: GenuineIntel
cpu family	: 6
model		: 60
model name	: Intel(R) Core(TM) i7-4790K CPU @ 4.00GHz
stepping	: 3
microcode	: 0x19
cpu MHz		: 2400.000
cache size	: 8192 KB
physical id	: 0
siblings	: 8
core id		: 3
cpu cores	: 4
apicid		: 6
initial apicid	: 6
fpu		: yes
fpu_exception	: yes
cpuid level	: 13
wp		: yes
flags		: fpu vme de pse tsc msr pae mce cx8 apic sep mtrr pge mca cmov pat pse36 clflush dts acpi mmx fxsr sse sse2 ss ht tm pbe syscall nx pdpe1gb rdtscp lm constant_tsc arch_perfmon pebs bts rep_good nopl xtopology nonstop_tsc aperfmperf eagerfpu pni pclmulqdq dtes64 monitor ds_cpl vmx est tm2 ssse3 fma cx16 xtpr pdcm pcid sse4_1 sse4_2 x2apic movbe popcnt tsc_deadline_timer aes xsave avx f16c rdrand lahf_lm abm ida arat xsaveopt pln pts dtherm tpr_shadow vnmi flexpriority ept vpid fsgsbase tsc_adjust bmi1 hle avx2 smep bmi2 erms invpcid rtm
bogomips	: 7981.97
clflush size	: 64
cache_alignment	: 64
address sizes	: 39 bits physical, 48 bits virtual
power management:

processor	: 4
vendor_id	: GenuineIntel
cpu family	: 6
model		: 60
model name	: Intel(R) Core(TM) i7-4790K CPU @ 4.00GHz
stepping	: 3
microcode	: 0x19
cpu MHz		: 800.000
cache size	: 8192 KB
physical id	: 0
siblings	: 8
core id		: 0
cpu cores	: 4
apicid		: 1
initial apicid	: 1
fpu		: yes
fpu_exception	: yes
cpuid level	: 13
wp		: yes
flags		: fpu vme de pse tsc msr pae mce cx8 apic sep mtrr pge mca cmov pat pse36 clflush dts acpi mmx fxsr sse sse2 ss ht tm pbe syscall nx pdpe1gb rdtscp lm constant_tsc arch_perfmon pebs bts rep_good nopl xtopology nonstop_tsc aperfmperf eagerfpu pni pclmulqdq dtes64 monitor ds_cpl vmx est tm2 ssse3 fma cx16 xtpr pdcm pcid sse4_1 sse4_2 x2apic movbe popcnt tsc_deadline_timer aes xsave avx f16c rdrand lahf_lm abm ida arat xsaveopt pln pts dtherm tpr_shadow vnmi flexpriority ept vpid fsgsbase tsc_adjust bmi1 hle avx2 smep bmi2 erms invpcid rtm
bogomips	: 7981.97
clflush size	: 64
cache_alignment	: 64
address sizes	: 39 bits physical, 48 bits virtual
power management:

processor	: 5
vendor_id	: GenuineIntel
cpu family	: 6
model		: 60
model name	: Intel(R) Core(TM) i7-4790K CPU @ 4.00GHz
stepping	: 3
microcode	: 0x19
cpu MHz		: 4001.000
cache size	: 8192 KB
physical id	: 0
siblings	: 8
core id		: 1
cpu cores	: 4
apicid		: 3
initial apicid	: 3
fpu		: yes
fpu_exception	: yes
cpuid level	: 13
wp		: yes
flags		: fpu vme de pse tsc msr pae mce cx8 apic sep mtrr pge mca cmov pat pse36 clflush dts acpi mmx fxsr sse sse2 ss ht tm pbe syscall nx pdpe1gb rdtscp lm constant_tsc arch_perfmon pebs bts rep_good nopl xtopology nonstop_tsc aperfmperf eagerfpu pni pclmulqdq dtes64 monitor ds_cpl vmx est tm2 ssse3 fma cx16 xtpr pdcm pcid sse4_1 sse4_2 x2apic movbe popcnt tsc_deadline_timer aes xsave avx f16c rdrand lahf_lm abm ida arat xsaveopt pln pts dtherm tpr_shadow vnmi flexpriority ept vpid fsgsbase tsc_adjust bmi1 hle avx2 smep bmi2 erms invpcid rtm
bogomips	: 7981.97
clflush size	: 64
cache_alignment	: 64
address sizes	: 39 bits physical, 48 bits virtual
power management:

processor	: 6
vendor_id	: GenuineIntel
cpu family	: 6
model		: 60
model name	: Intel(R) Core(TM) i7-4790K CPU @ 4.00GHz
stepping	: 3
microcode	: 0x19
cpu MHz		: 4001.000
cache size	: 8192 KB
physical id	: 0
siblings	: 8
core id		: 2
cpu cores	: 4
apicid		: 5
initial apicid	: 5
fpu		: yes
fpu_exception	: yes
cpuid level	: 13
wp		: yes
flags		: fpu vme de pse tsc msr pae mce cx8 apic sep mtrr pge mca cmov pat pse36 clflush dts acpi mmx fxsr sse sse2 ss ht tm pbe syscall nx pdpe1gb rdtscp lm constant_tsc arch_perfmon pebs bts rep_good nopl xtopology nonstop_tsc aperfmperf eagerfpu pni pclmulqdq dtes64 monitor ds_cpl vmx est tm2 ssse3 fma cx16 xtpr pdcm pcid sse4_1 sse4_2 x2apic movbe popcnt tsc_deadline_timer aes xsave avx f16c rdrand lahf_lm abm ida arat xsaveopt pln pts dtherm tpr_shadow vnmi flexpriority ept vpid fsgsbase tsc_adjust bmi1 hle avx2 smep bmi2 erms invpcid rtm
bogomips	: 7981.97
clflush size	: 64
cache_alignment	: 64
address sizes	: 39 bits physical, 48 bits virtual
power management:

processor	: 7
vendor_id	: GenuineIntel
cpu family	: 6
model		: 60
model name	: Intel(R) Core(TM) i7-4790K CPU @ 4.00GHz
stepping	: 3
microcode	: 0x19
cpu MHz		: 1300.000
cache size	: 8192 KB
physical id	: 0
siblings	: 8
core id		: 3
cpu cores	: 4
apicid		: 7
initial apicid	: 7
fpu		: yes
fpu_exception	: yes
cpuid level	: 13
wp		: yes
flags		: fpu vme de pse tsc msr pae mce cx8 apic sep mtrr pge mca cmov pat pse36 clflush dts acpi mmx fxsr sse sse2 ss ht tm pbe syscall nx pdpe1gb rdtscp lm constant_tsc arch_perfmon pebs bts rep_good nopl xtopology nonstop_tsc aperfmperf eagerfpu pni pclmulqdq dtes64 monitor ds_cpl vmx est tm2 ssse3 fma cx16 xtpr pdcm pcid sse4_1 sse4_2 x2apic movbe popcnt tsc_deadline_timer aes xsave avx f16c rdrand lahf_lm abm ida arat xsaveopt pln pts dtherm tpr_shadow vnmi flexpriority ept vpid fsgsbase tsc_adjust bmi1 hle avx2 smep bmi2 erms invpcid rtm
bogomips	: 7981.97
clflush size	: 64
cache_alignment	: 64
address sizes	: 39 bits physical, 48 bits virtual
power management:



Memory: 4k page, physical 32638716k(26324624k free), swap 4122620k(4122620k free)

vm_info: Java HotSpot(TM) 64-Bit Server VM (25.91-b14) for linux-amd64 JRE (1.8.0_91-b14), built on Apr  1 2016 00:57:21 by "java_re" with gcc 4.3.0 20080428 (Red Hat 4.3.0-8)

time: Fri May 27 17:19:43 2016
elapsed time: 701 seconds (0d 0h 11m 41s)

